
Gurobi 8.0.1 (linux64, Python) logging started lun. 10 déc. 2018 18:30:26 CET

Optimize a model with 46 rows, 180 columns and 365 nonzeros
Variable types: 0 continuous, 180 integer (180 binary)
Coefficient statistics:
  Matrix range     [1e+00, 1e+05]
  Objective range  [1e+00, 3e+01]
  Bounds range     [1e+00, 1e+00]
  RHS range        [1e+00, 4e+05]
Found heuristic solution: objective 387.8100000
Presolve removed 10 rows and 25 columns
Presolve time: 0.00s
Presolved: 36 rows, 155 columns, 310 nonzeros
Variable types: 0 continuous, 155 integer (155 binary)

Root relaxation: objective 1.208746e+02, 36 iterations, 0.01 seconds

    Nodes    |    Current Node    |     Objective Bounds      |     Work
 Expl Unexpl |  Obj  Depth IntInf | Incumbent    BestBd   Gap | It/Node Time

     0     0  120.87459    0    6  387.81000  120.87459  68.8%     -    0s
H    0     0                     142.3100000  120.87459  15.1%     -    0s
H    0     0                     130.4800000  120.87459  7.36%     -    0s
H    0     0                     129.7900000  120.87459  6.87%     -    0s
     0     0  126.33170    0    8  129.79000  126.33170  2.66%     -    0s
     0     0  126.33170    0    5  129.79000  126.33170  2.66%     -    0s
H    0     0                     128.6000000  126.33170  1.76%     -    0s
     0     0  127.10113    0    9  128.60000  127.10113  1.17%     -    0s
H    0     0                     127.5100000  127.10113  0.32%     -    0s
     0     0 infeasible    0       127.51000  127.51000  0.00%     -    0s

Cutting planes:
  Gomory: 3
  Cover: 3
  MIR: 1
  Zero half: 1

Explored 1 nodes (58 simplex iterations) in 0.08 seconds
Thread count was 8 (of 8 available processors)

Solution count 6: 127.51 128.6 129.79 ... 387.81

Optimal solution found (tolerance 1.00e-04)
Best objective 1.275100000000e+02, best bound 1.275100000000e+02, gap 0.0000%
Optimize a model with 46 rows, 180 columns and 365 nonzeros
Variable types: 0 continuous, 180 integer (180 binary)
Coefficient statistics:
  Matrix range     [1e+00, 1e+05]
  Objective range  [1e+00, 3e+01]
  Bounds range     [1e+00, 1e+00]
  RHS range        [1e+00, 4e+05]
Found heuristic solution: objective 387.8100000
Presolve removed 10 rows and 25 columns
Presolve time: 0.00s
Presolved: 36 rows, 155 columns, 310 nonzeros
Variable types: 0 continuous, 155 integer (155 binary)

Root relaxation: objective 1.208746e+02, 36 iterations, 0.00 seconds

    Nodes    |    Current Node    |     Objective Bounds      |     Work
 Expl Unexpl |  Obj  Depth IntInf | Incumbent    BestBd   Gap | It/Node Time

     0     0  120.87459    0    6  387.81000  120.87459  68.8%     -    0s
H    0     0                     142.3100000  120.87459  15.1%     -    0s
H    0     0                     130.4800000  120.87459  7.36%     -    0s
H    0     0                     129.7900000  120.87459  6.87%     -    0s
     0     0  126.33170    0    8  129.79000  126.33170  2.66%     -    0s
     0     0  126.33170    0    5  129.79000  126.33170  2.66%     -    0s
H    0     0                     128.6000000  126.33170  1.76%     -    0s
     0     0  127.10113    0    9  128.60000  127.10113  1.17%     -    0s
H    0     0                     127.5100000  127.10113  0.32%     -    0s
     0     0 infeasible    0       127.51000  127.51000  0.00%     -    0s

Cutting planes:
  Gomory: 3
  Cover: 3
  MIR: 1
  Zero half: 1

Explored 1 nodes (58 simplex iterations) in 0.02 seconds
Thread count was 8 (of 8 available processors)

Solution count 6: 127.51 128.6 129.79 ... 387.81

Optimal solution found (tolerance 1.00e-04)
Best objective 1.275100000000e+02, best bound 1.275100000000e+02, gap 0.0000%
Optimize a model with 82 rows, 181 columns and 576 nonzeros
Variable types: 1 continuous, 180 integer (180 binary)
Coefficient statistics:
  Matrix range     [1e+00, 1e+05]
  Objective range  [1e+00, 1e+00]
  Bounds range     [1e+00, 1e+00]
  RHS range        [1e+00, 4e+05]
Found heuristic solution: objective 34.8712750
Presolve removed 15 rows and 25 columns
Presolve time: 0.00s
Presolved: 67 rows, 156 columns, 459 nonzeros
Variable types: 0 continuous, 156 integer (155 binary)

Root relaxation: objective 6.270642e+00, 90 iterations, 0.00 seconds

    Nodes    |    Current Node    |     Objective Bounds      |     Work
 Expl Unexpl |  Obj  Depth IntInf | Incumbent    BestBd   Gap | It/Node Time

     0     0    6.27064    0   24   34.87127    6.27064  82.0%     -    0s
H    0     0                      28.9612751    6.27064  78.3%     -    0s
H    0     0                      17.9112751    6.27064  65.0%     -    0s
H    0     0                      13.1212751    6.27064  52.2%     -    0s
     0     0    6.60117    0   27   13.12128    6.60117  49.7%     -    0s
H    0     0                      10.5812751    6.60117  37.6%     -    0s
H    0     0                       8.3112751    6.60117  20.6%     -    0s
     0     0    7.27485    0    6    8.31128    7.27485  12.5%     -    0s
H    0     0                       8.2012751    7.27485  11.3%     -    0s
     0     0 infeasible    0         8.20128    8.20128  0.00%     -    0s
     0     0 infeasible    0         8.20128    8.20128  0.00%     -    0s

Cutting planes:
  Gomory: 2
  MIR: 1

Explored 1 nodes (150 simplex iterations) in 0.03 seconds
Thread count was 8 (of 8 available processors)

Solution count 9: 8.20128 8.31128 10.5713 ... 34.8713

Optimal solution found (tolerance 1.00e-04)
Best objective 8.201275100000e+00, best bound 8.201275100000e+00, gap 0.0000%
Optimize a model with 46 rows, 180 columns and 365 nonzeros
Variable types: 0 continuous, 180 integer (180 binary)
Coefficient statistics:
  Matrix range     [1e+00, 1e+05]
  Objective range  [1e+00, 3e+01]
  Bounds range     [1e+00, 1e+00]
  RHS range        [1e+00, 4e+05]
Found heuristic solution: objective 387.8100000
Presolve removed 10 rows and 25 columns
Presolve time: 0.00s
Presolved: 36 rows, 155 columns, 310 nonzeros
Variable types: 0 continuous, 155 integer (155 binary)

Root relaxation: objective 1.208746e+02, 36 iterations, 0.00 seconds

    Nodes    |    Current Node    |     Objective Bounds      |     Work
 Expl Unexpl |  Obj  Depth IntInf | Incumbent    BestBd   Gap | It/Node Time

     0     0  120.87459    0    6  387.81000  120.87459  68.8%     -    0s
H    0     0                     142.3100000  120.87459  15.1%     -    0s
H    0     0                     130.4800000  120.87459  7.36%     -    0s
H    0     0                     129.7900000  120.87459  6.87%     -    0s
     0     0  126.33170    0    8  129.79000  126.33170  2.66%     -    0s
     0     0  126.33170    0    5  129.79000  126.33170  2.66%     -    0s
H    0     0                     128.6000000  126.33170  1.76%     -    0s
     0     0  127.10113    0    9  128.60000  127.10113  1.17%     -    0s
H    0     0                     127.5100000  127.10113  0.32%     -    0s
     0     0 infeasible    0       127.51000  127.51000  0.00%     -    0s

Cutting planes:
  Gomory: 3
  Cover: 3
  MIR: 1
  Zero half: 1

Explored 1 nodes (58 simplex iterations) in 0.02 seconds
Thread count was 8 (of 8 available processors)

Solution count 6: 127.51 128.6 129.79 ... 387.81

Optimal solution found (tolerance 1.00e-04)
Best objective 1.275100000000e+02, best bound 1.275100000000e+02, gap 0.0000%
Optimize a model with 150 rows, 1333 columns and 5472 nonzeros
Variable types: 1 continuous, 1332 integer (1332 binary)
Coefficient statistics:
  Matrix range     [9e-01, 1e+05]
  Objective range  [1e+00, 1e+00]
  Bounds range     [1e+00, 1e+00]
  RHS range        [1e+00, 4e+05]
Found heuristic solution: objective 25.3612750
Presolve removed 0 rows and 41 columns
Presolve time: 0.02s
Presolved: 150 rows, 1292 columns, 5300 nonzeros
Variable types: 0 continuous, 1292 integer (1291 binary)

Root relaxation: objective 1.275100e-03, 105 iterations, 0.00 seconds

    Nodes    |    Current Node    |     Objective Bounds      |     Work
 Expl Unexpl |  Obj  Depth IntInf | Incumbent    BestBd   Gap | It/Node Time

     0     0    0.00128    0   33   25.36127    0.00128   100%     -    0s
H    0     0                       7.6312751    0.00128   100%     -    0s
H    0     0                       7.2112751    0.00128   100%     -    0s
     0     0    1.78548    0  116    7.21128    1.78548  75.2%     -    0s
     0     0    3.47184    0  219    7.21128    3.47184  51.9%     -    0s
H    0     0                       6.5812751    3.47184  47.2%     -    0s
H    0     0                       5.9312751    3.47184  41.5%     -    0s
     0     0    5.14128    0    2    5.93128    5.14128  13.3%     -    0s
H    0     0                       5.7912751    5.14128  11.2%     -    0s
H    0     0                       5.1412751    5.14128  0.00%     -    0s

Explored 1 nodes (1496 simplex iterations) in 0.13 seconds
Thread count was 8 (of 8 available processors)

Solution count 8: 5.14128 5.79128 5.93128 ... 25.3613

Optimal solution found (tolerance 1.00e-04)
Best objective 5.141275100000e+00, best bound 5.141275100000e+00, gap 0.0000%
Optimize a model with 42 rows, 108 columns and 219 nonzeros
Variable types: 0 continuous, 108 integer (108 binary)
Coefficient statistics:
  Matrix range     [1e+00, 1e+05]
  Objective range  [2e+00, 3e+01]
  Bounds range     [1e+00, 1e+00]
  RHS range        [1e+00, 6e+05]
Found heuristic solution: objective 468.2000000
Presolve removed 6 rows and 9 columns
Presolve time: 0.00s
Presolved: 36 rows, 99 columns, 198 nonzeros
Variable types: 0 continuous, 99 integer (99 binary)

Root relaxation: objective 1.710463e+02, 34 iterations, 0.00 seconds

    Nodes    |    Current Node    |     Objective Bounds      |     Work
 Expl Unexpl |  Obj  Depth IntInf | Incumbent    BestBd   Gap | It/Node Time

     0     0  171.04633    0    2  468.20000  171.04633  63.5%     -    0s
H    0     0                     171.8500000  171.04633  0.47%     -    0s
     0     0     cutoff    0       171.85000  171.85000  0.00%     -    0s
     0     0     cutoff    0       171.85000  171.85000  0.00%     -    0s

Explored 1 nodes (34 simplex iterations) in 0.01 seconds
Thread count was 8 (of 8 available processors)

Solution count 2: 171.85 468.2 

Optimal solution found (tolerance 1.00e-04)
Best objective 1.718500000000e+02, best bound 1.718500000000e+02, gap 0.0000%
Optimize a model with 42 rows, 108 columns and 219 nonzeros
Variable types: 0 continuous, 108 integer (108 binary)
Coefficient statistics:
  Matrix range     [1e+00, 1e+05]
  Objective range  [2e+00, 3e+01]
  Bounds range     [1e+00, 1e+00]
  RHS range        [1e+00, 6e+05]
Found heuristic solution: objective 468.2000000
Presolve removed 6 rows and 9 columns
Presolve time: 0.00s
Presolved: 36 rows, 99 columns, 198 nonzeros
Variable types: 0 continuous, 99 integer (99 binary)

Root relaxation: objective 1.710463e+02, 34 iterations, 0.00 seconds

    Nodes    |    Current Node    |     Objective Bounds      |     Work
 Expl Unexpl |  Obj  Depth IntInf | Incumbent    BestBd   Gap | It/Node Time

     0     0  171.04633    0    2  468.20000  171.04633  63.5%     -    0s
H    0     0                     171.8500000  171.04633  0.47%     -    0s
     0     0     cutoff    0       171.85000  171.85000  0.00%     -    0s
     0     0     cutoff    0       171.85000  171.85000  0.00%     -    0s

Explored 1 nodes (34 simplex iterations) in 0.01 seconds
Thread count was 8 (of 8 available processors)

Solution count 2: 171.85 468.2 

Optimal solution found (tolerance 1.00e-04)
Best objective 1.718500000000e+02, best bound 1.718500000000e+02, gap 0.0000%
Optimize a model with 148 rows, 1333 columns and 5400 nonzeros
Variable types: 1 continuous, 1332 integer (1332 binary)
Coefficient statistics:
  Matrix range     [9e-01, 1e+05]
  Objective range  [1e+00, 1e+00]
  Bounds range     [1e+00, 1e+00]
  RHS range        [1e+00, 6e+05]
Found heuristic solution: objective 22.4417186
Presolve removed 0 rows and 95 columns
Presolve time: 0.01s
Presolved: 148 rows, 1238 columns, 5005 nonzeros
Variable types: 0 continuous, 1238 integer (1237 binary)

Root relaxation: objective 1.718500e-03, 93 iterations, 0.00 seconds

    Nodes    |    Current Node    |     Objective Bounds      |     Work
 Expl Unexpl |  Obj  Depth IntInf | Incumbent    BestBd   Gap | It/Node Time

     0     0    0.00172    0   35   22.44172    0.00172   100%     -    0s
H    0     0                      21.9717185    0.00172   100%     -    0s
H    0     0                      19.4617185    0.00172   100%     -    0s
H    0     0                      14.3117185    0.00172   100%     -    0s
H    0     0                      12.1217185    0.00172   100%     -    0s
H    0     0                      11.9717185    0.00172   100%     -    0s
H    0     0                      11.4317185    0.00172   100%     -    0s
     0     0    2.20920    0  122   11.43172    2.20920  80.7%     -    0s
H    0     0                      11.3017185    2.20920  80.5%     -    0s
     0     0    5.31446    0  164   11.30172    5.31446  53.0%     -    0s
H    0     0                       9.6917185    5.31446  45.2%     -    0s
     0     0    5.66057    0  212    9.69172    5.66057  41.6%     -    0s
H    0     0                       8.7717185    5.66057  35.5%     -    0s
     0     0    6.81172    0   60    8.77172    6.81172  22.3%     -    0s
     0     0    6.81172    0   22    8.77172    6.81172  22.3%     -    0s
H    0     0                       8.5517185    6.81172  20.3%     -    0s
*    0     0               0       6.8117185    6.81172  0.00%     -    0s

Explored 1 nodes (2938 simplex iterations) in 0.19 seconds
Thread count was 8 (of 8 available processors)

Solution count 10: 6.81172 8.55172 8.76172 ... 12.1217

Optimal solution found (tolerance 1.00e-04)
Best objective 6.811718500000e+00, best bound 6.811718500000e+00, gap 0.0000%
Optimize a model with 44 rows, 144 columns and 292 nonzeros
Variable types: 0 continuous, 144 integer (144 binary)
Coefficient statistics:
  Matrix range     [1e+00, 1e+05]
  Objective range  [2e+00, 3e+01]
  Bounds range     [1e+00, 1e+00]
  RHS range        [1e+00, 5e+05]
Found heuristic solution: objective 497.3000000
Presolve removed 8 rows and 16 columns
Presolve time: 0.00s
Presolved: 36 rows, 128 columns, 256 nonzeros
Variable types: 0 continuous, 128 integer (128 binary)

Root relaxation: objective 1.528892e+02, 34 iterations, 0.00 seconds

    Nodes    |    Current Node    |     Objective Bounds      |     Work
 Expl Unexpl |  Obj  Depth IntInf | Incumbent    BestBd   Gap | It/Node Time

     0     0  152.88923    0    4  497.30000  152.88923  69.3%     -    0s
H    0     0                     162.0800000  152.88923  5.67%     -    0s
H    0     0                     158.0100000  152.88923  3.24%     -    0s
H    0     0                     157.6000000  152.88923  2.99%     -    0s
H    0     0                     154.1900000  152.88923  0.84%     -    0s
     0     0     cutoff    0       154.19000  154.19000  0.00%     -    0s

Cutting planes:
  Cover: 2

Explored 1 nodes (35 simplex iterations) in 0.02 seconds
Thread count was 8 (of 8 available processors)

Solution count 5: 154.19 157.6 158.01 ... 497.3

Optimal solution found (tolerance 1.00e-04)
Best objective 1.541900000000e+02, best bound 1.541900000000e+02, gap 0.0000%
Optimize a model with 149 rows, 1333 columns and 5436 nonzeros
Variable types: 1 continuous, 1332 integer (1332 binary)
Coefficient statistics:
  Matrix range     [9e-01, 1e+05]
  Objective range  [1e+00, 1e+00]
  Bounds range     [1e+00, 1e+00]
  RHS range        [1e+00, 5e+05]
Found heuristic solution: objective 28.0115419
Presolve removed 0 rows and 20 columns
Presolve time: 0.01s
Presolved: 149 rows, 1313 columns, 5350 nonzeros
Variable types: 0 continuous, 1313 integer (1312 binary)

Root relaxation: objective 1.541900e-03, 103 iterations, 0.00 seconds

    Nodes    |    Current Node    |     Objective Bounds      |     Work
 Expl Unexpl |  Obj  Depth IntInf | Incumbent    BestBd   Gap | It/Node Time

     0     0    0.00154    0   33   28.01154    0.00154   100%     -    0s
H    0     0                      16.6315419    0.00154   100%     -    0s
H    0     0                      13.4115419    0.00154   100%     -    0s
H    0     0                      11.9715419    0.00154   100%     -    0s
H    0     0                       8.9215419    0.00154   100%     -    0s
H    0     0                       7.7615419    0.00154   100%     -    0s
     0     0    1.92949    0  116    7.76154    1.92949  75.1%     -    0s
     0     0    4.16197    0  196    7.76154    4.16197  46.4%     -    0s
H    0     0                       6.8115419    4.16197  38.9%     -    0s
     0     0    5.21533    0   92    6.81154    5.21533  23.4%     -    0s
H    0     0                       6.7315419    5.21533  22.5%     -    0s
     0     0    5.39627    0   53    6.73154    5.39627  19.8%     -    0s
H    0     0                       6.5815419    5.39627  18.0%     -    0s
H    0     0                       6.4615419    5.39627  16.5%     -    0s
*    0     0               0       5.9315419    5.93154  0.00%     -    0s

Explored 1 nodes (2078 simplex iterations) in 0.16 seconds
Thread count was 8 (of 8 available processors)

Solution count 10: 5.93154 6.46154 6.57154 ... 13.4115

Optimal solution found (tolerance 1.00e-04)
Best objective 5.931541900000e+00, best bound 5.931541900000e+00, gap 0.0000%
Optimize a model with 46 rows, 180 columns and 365 nonzeros
Variable types: 0 continuous, 180 integer (180 binary)
Coefficient statistics:
  Matrix range     [1e+00, 1e+05]
  Objective range  [1e+00, 3e+01]
  Bounds range     [1e+00, 1e+00]
  RHS range        [1e+00, 4e+05]
Found heuristic solution: objective 387.8100000
Presolve removed 10 rows and 25 columns
Presolve time: 0.00s
Presolved: 36 rows, 155 columns, 310 nonzeros
Variable types: 0 continuous, 155 integer (155 binary)

Root relaxation: objective 1.208746e+02, 36 iterations, 0.00 seconds

    Nodes    |    Current Node    |     Objective Bounds      |     Work
 Expl Unexpl |  Obj  Depth IntInf | Incumbent    BestBd   Gap | It/Node Time

     0     0  120.87459    0    6  387.81000  120.87459  68.8%     -    0s
H    0     0                     142.3100000  120.87459  15.1%     -    0s
H    0     0                     130.4800000  120.87459  7.36%     -    0s
H    0     0                     129.7900000  120.87459  6.87%     -    0s
     0     0  126.33170    0    8  129.79000  126.33170  2.66%     -    0s
     0     0  126.33170    0    5  129.79000  126.33170  2.66%     -    0s
H    0     0                     128.6000000  126.33170  1.76%     -    0s
     0     0  127.10113    0    9  128.60000  127.10113  1.17%     -    0s
H    0     0                     127.5100000  127.10113  0.32%     -    0s
     0     0 infeasible    0       127.51000  127.51000  0.00%     -    0s

Cutting planes:
  Gomory: 3
  Cover: 3
  MIR: 1
  Zero half: 1

Explored 1 nodes (58 simplex iterations) in 0.02 seconds
Thread count was 8 (of 8 available processors)

Solution count 6: 127.51 128.6 129.79 ... 387.81

Optimal solution found (tolerance 1.00e-04)
Best objective 1.275100000000e+02, best bound 1.275100000000e+02, gap 0.0000%
Optimize a model with 150 rows, 1333 columns and 5472 nonzeros
Variable types: 1 continuous, 1332 integer (1332 binary)
Coefficient statistics:
  Matrix range     [9e-01, 1e+05]
  Objective range  [1e+00, 1e+00]
  Bounds range     [1e+00, 1e+00]
  RHS range        [1e+00, 4e+05]
Found heuristic solution: objective 25.3612750
Presolve removed 0 rows and 41 columns
Presolve time: 0.01s
Presolved: 150 rows, 1292 columns, 5300 nonzeros
Variable types: 0 continuous, 1292 integer (1291 binary)

Root relaxation: objective 1.275100e-03, 105 iterations, 0.00 seconds

    Nodes    |    Current Node    |     Objective Bounds      |     Work
 Expl Unexpl |  Obj  Depth IntInf | Incumbent    BestBd   Gap | It/Node Time

     0     0    0.00128    0   33   25.36127    0.00128   100%     -    0s
H    0     0                       7.6312751    0.00128   100%     -    0s
H    0     0                       7.2112751    0.00128   100%     -    0s
     0     0    1.78548    0  116    7.21128    1.78548  75.2%     -    0s
     0     0    3.47184    0  219    7.21128    3.47184  51.9%     -    0s
H    0     0                       6.5812751    3.47184  47.2%     -    0s
H    0     0                       5.9312751    3.47184  41.5%     -    0s
     0     0    5.14128    0    2    5.93128    5.14128  13.3%     -    0s
H    0     0                       5.7912751    5.14128  11.2%     -    0s
H    0     0                       5.1412751    5.14128  0.00%     -    0s

Explored 1 nodes (1496 simplex iterations) in 0.13 seconds
Thread count was 8 (of 8 available processors)

Solution count 8: 5.14128 5.79128 5.93128 ... 25.3613

Optimal solution found (tolerance 1.00e-04)
Best objective 5.141275100000e+00, best bound 5.141275100000e+00, gap 0.0000%
Optimize a model with 46 rows, 180 columns and 365 nonzeros
Variable types: 0 continuous, 180 integer (180 binary)
Coefficient statistics:
  Matrix range     [1e+00, 1e+05]
  Objective range  [1e+00, 3e+01]
  Bounds range     [1e+00, 1e+00]
  RHS range        [1e+00, 4e+05]
Found heuristic solution: objective 387.8100000
Presolve removed 10 rows and 25 columns
Presolve time: 0.00s
Presolved: 36 rows, 155 columns, 310 nonzeros
Variable types: 0 continuous, 155 integer (155 binary)

Root relaxation: objective 1.208746e+02, 36 iterations, 0.00 seconds

    Nodes    |    Current Node    |     Objective Bounds      |     Work
 Expl Unexpl |  Obj  Depth IntInf | Incumbent    BestBd   Gap | It/Node Time

     0     0  120.87459    0    6  387.81000  120.87459  68.8%     -    0s
H    0     0                     142.3100000  120.87459  15.1%     -    0s
H    0     0                     130.4800000  120.87459  7.36%     -    0s
H    0     0                     129.7900000  120.87459  6.87%     -    0s
     0     0  126.33170    0    8  129.79000  126.33170  2.66%     -    0s
     0     0  126.33170    0    5  129.79000  126.33170  2.66%     -    0s
H    0     0                     128.6000000  126.33170  1.76%     -    0s
     0     0  127.10113    0    9  128.60000  127.10113  1.17%     -    0s
H    0     0                     127.5100000  127.10113  0.32%     -    0s
     0     0 infeasible    0       127.51000  127.51000  0.00%     -    0s

Cutting planes:
  Gomory: 3
  Cover: 3
  MIR: 1
  Zero half: 1

Explored 1 nodes (58 simplex iterations) in 0.02 seconds
Thread count was 8 (of 8 available processors)

Solution count 6: 127.51 128.6 129.79 ... 387.81

Optimal solution found (tolerance 1.00e-04)
Best objective 1.275100000000e+02, best bound 1.275100000000e+02, gap 0.0000%
Optimize a model with 82 rows, 181 columns and 576 nonzeros
Variable types: 1 continuous, 180 integer (180 binary)
Coefficient statistics:
  Matrix range     [1e+00, 1e+05]
  Objective range  [1e+00, 1e+00]
  Bounds range     [1e+00, 1e+00]
  RHS range        [1e+00, 4e+05]
Found heuristic solution: objective 34.8712750
Presolve removed 15 rows and 25 columns
Presolve time: 0.00s
Presolved: 67 rows, 156 columns, 459 nonzeros
Variable types: 0 continuous, 156 integer (155 binary)

Root relaxation: objective 6.270642e+00, 90 iterations, 0.00 seconds

    Nodes    |    Current Node    |     Objective Bounds      |     Work
 Expl Unexpl |  Obj  Depth IntInf | Incumbent    BestBd   Gap | It/Node Time

     0     0    6.27064    0   24   34.87127    6.27064  82.0%     -    0s
H    0     0                      28.9612751    6.27064  78.3%     -    0s
H    0     0                      17.9112751    6.27064  65.0%     -    0s
H    0     0                      13.1212751    6.27064  52.2%     -    0s
     0     0    6.60117    0   27   13.12128    6.60117  49.7%     -    0s
H    0     0                      10.5812751    6.60117  37.6%     -    0s
H    0     0                       8.3112751    6.60117  20.6%     -    0s
     0     0    7.27485    0    6    8.31128    7.27485  12.5%     -    0s
H    0     0                       8.2012751    7.27485  11.3%     -    0s
     0     0 infeasible    0         8.20128    8.20128  0.00%     -    0s
     0     0 infeasible    0         8.20128    8.20128  0.00%     -    0s

Cutting planes:
  Gomory: 2
  MIR: 1

Explored 1 nodes (150 simplex iterations) in 0.04 seconds
Thread count was 8 (of 8 available processors)

Solution count 9: 8.20128 8.31128 10.5713 ... 34.8713

Optimal solution found (tolerance 1.00e-04)
Best objective 8.201275100000e+00, best bound 8.201275100000e+00, gap 0.0000%
Optimize a model with 46 rows, 180 columns and 365 nonzeros
Variable types: 0 continuous, 180 integer (180 binary)
Coefficient statistics:
  Matrix range     [1e+00, 1e+05]
  Objective range  [1e+00, 3e+01]
  Bounds range     [1e+00, 1e+00]
  RHS range        [1e+00, 4e+05]
Found heuristic solution: objective 387.8100000
Presolve removed 10 rows and 25 columns
Presolve time: 0.00s
Presolved: 36 rows, 155 columns, 310 nonzeros
Variable types: 0 continuous, 155 integer (155 binary)

Root relaxation: objective 1.208746e+02, 36 iterations, 0.00 seconds

    Nodes    |    Current Node    |     Objective Bounds      |     Work
 Expl Unexpl |  Obj  Depth IntInf | Incumbent    BestBd   Gap | It/Node Time

     0     0  120.87459    0    6  387.81000  120.87459  68.8%     -    0s
H    0     0                     142.3100000  120.87459  15.1%     -    0s
H    0     0                     130.4800000  120.87459  7.36%     -    0s
H    0     0                     129.7900000  120.87459  6.87%     -    0s
     0     0  126.33170    0    8  129.79000  126.33170  2.66%     -    0s
     0     0  126.33170    0    5  129.79000  126.33170  2.66%     -    0s
H    0     0                     128.6000000  126.33170  1.76%     -    0s
     0     0  127.10113    0    9  128.60000  127.10113  1.17%     -    0s
H    0     0                     127.5100000  127.10113  0.32%     -    0s
     0     0 infeasible    0       127.51000  127.51000  0.00%     -    0s

Cutting planes:
  Gomory: 3
  Cover: 3
  MIR: 1
  Zero half: 1

Explored 1 nodes (58 simplex iterations) in 0.02 seconds
Thread count was 8 (of 8 available processors)

Solution count 6: 127.51 128.6 129.79 ... 387.81

Optimal solution found (tolerance 1.00e-04)
Best objective 1.275100000000e+02, best bound 1.275100000000e+02, gap 0.0000%
Optimize a model with 82 rows, 181 columns and 576 nonzeros
Variable types: 1 continuous, 180 integer (180 binary)
Coefficient statistics:
  Matrix range     [1e+00, 1e+05]
  Objective range  [1e+00, 1e+00]
  Bounds range     [1e+00, 1e+00]
  RHS range        [1e+00, 4e+05]
Found heuristic solution: objective 34.8712750
Presolve removed 15 rows and 25 columns
Presolve time: 0.00s
Presolved: 67 rows, 156 columns, 459 nonzeros
Variable types: 0 continuous, 156 integer (155 binary)

Root relaxation: objective 6.270642e+00, 90 iterations, 0.00 seconds

    Nodes    |    Current Node    |     Objective Bounds      |     Work
 Expl Unexpl |  Obj  Depth IntInf | Incumbent    BestBd   Gap | It/Node Time

     0     0    6.27064    0   24   34.87127    6.27064  82.0%     -    0s
H    0     0                      28.9612751    6.27064  78.3%     -    0s
H    0     0                      17.9112751    6.27064  65.0%     -    0s
H    0     0                      13.1212751    6.27064  52.2%     -    0s
     0     0    6.60117    0   27   13.12128    6.60117  49.7%     -    0s
H    0     0                      10.5812751    6.60117  37.6%     -    0s
H    0     0                       8.3112751    6.60117  20.6%     -    0s
     0     0    7.27485    0    6    8.31128    7.27485  12.5%     -    0s
H    0     0                       8.2012751    7.27485  11.3%     -    0s
     0     0 infeasible    0         8.20128    8.20128  0.00%     -    0s
     0     0 infeasible    0         8.20128    8.20128  0.00%     -    0s

Cutting planes:
  Gomory: 2
  MIR: 1

Explored 1 nodes (150 simplex iterations) in 0.03 seconds
Thread count was 8 (of 8 available processors)

Solution count 9: 8.20128 8.31128 10.5713 ... 34.8713

Optimal solution found (tolerance 1.00e-04)
Best objective 8.201275100000e+00, best bound 8.201275100000e+00, gap 0.0000%
Optimize a model with 42 rows, 108 columns and 219 nonzeros
Variable types: 0 continuous, 108 integer (108 binary)
Coefficient statistics:
  Matrix range     [1e+00, 1e+05]
  Objective range  [2e+00, 3e+01]
  Bounds range     [1e+00, 1e+00]
  RHS range        [1e+00, 6e+05]
Found heuristic solution: objective 468.2000000
Presolve removed 6 rows and 9 columns
Presolve time: 0.00s
Presolved: 36 rows, 99 columns, 198 nonzeros
Variable types: 0 continuous, 99 integer (99 binary)

Root relaxation: objective 1.710463e+02, 34 iterations, 0.00 seconds

    Nodes    |    Current Node    |     Objective Bounds      |     Work
 Expl Unexpl |  Obj  Depth IntInf | Incumbent    BestBd   Gap | It/Node Time

     0     0  171.04633    0    2  468.20000  171.04633  63.5%     -    0s
H    0     0                     171.8500000  171.04633  0.47%     -    0s
     0     0     cutoff    0       171.85000  171.85000  0.00%     -    0s
     0     0     cutoff    0       171.85000  171.85000  0.00%     -    0s

Explored 1 nodes (34 simplex iterations) in 0.01 seconds
Thread count was 8 (of 8 available processors)

Solution count 2: 171.85 468.2 

Optimal solution found (tolerance 1.00e-04)
Best objective 1.718500000000e+02, best bound 1.718500000000e+02, gap 0.0000%
Optimize a model with 78 rows, 109 columns and 360 nonzeros
Variable types: 1 continuous, 108 integer (108 binary)
Coefficient statistics:
  Matrix range     [1e+00, 1e+05]
  Objective range  [1e+00, 1e+00]
  Bounds range     [1e+00, 1e+00]
  RHS range        [1e+00, 6e+05]
Found heuristic solution: objective 33.7517185
Presolve removed 10 rows and 11 columns
Presolve time: 0.00s
Presolved: 68 rows, 98 columns, 290 nonzeros
Variable types: 0 continuous, 98 integer (97 binary)

Root relaxation: objective 8.652558e+00, 74 iterations, 0.00 seconds

    Nodes    |    Current Node    |     Objective Bounds      |     Work
 Expl Unexpl |  Obj  Depth IntInf | Incumbent    BestBd   Gap | It/Node Time

     0     0    8.65256    0   31   33.75172    8.65256  74.4%     -    0s
H    0     0                       9.2917185    8.65256  6.88%     -    0s
     0     0     cutoff    0         9.29172    9.29172  0.00%     -    0s
     0     0     cutoff    0         9.29172    9.29172  0.00%     -    0s

Explored 1 nodes (79 simplex iterations) in 0.02 seconds
Thread count was 8 (of 8 available processors)

Solution count 2: 9.29172 33.7517 

Optimal solution found (tolerance 1.00e-04)
Best objective 9.291718500000e+00, best bound 9.291718500000e+00, gap 0.0000%
Optimize a model with 46 rows, 180 columns and 365 nonzeros
Variable types: 0 continuous, 180 integer (180 binary)
Coefficient statistics:
  Matrix range     [1e+00, 1e+05]
  Objective range  [1e+00, 3e+01]
  Bounds range     [1e+00, 1e+00]
  RHS range        [1e+00, 4e+05]
Found heuristic solution: objective 387.8100000
Presolve removed 10 rows and 25 columns
Presolve time: 0.00s
Presolved: 36 rows, 155 columns, 310 nonzeros
Variable types: 0 continuous, 155 integer (155 binary)

Root relaxation: objective 1.208746e+02, 36 iterations, 0.00 seconds

    Nodes    |    Current Node    |     Objective Bounds      |     Work
 Expl Unexpl |  Obj  Depth IntInf | Incumbent    BestBd   Gap | It/Node Time

     0     0  120.87459    0    6  387.81000  120.87459  68.8%     -    0s
H    0     0                     142.3100000  120.87459  15.1%     -    0s
H    0     0                     130.4800000  120.87459  7.36%     -    0s
H    0     0                     129.7900000  120.87459  6.87%     -    0s
     0     0  126.33170    0    8  129.79000  126.33170  2.66%     -    0s
     0     0  126.33170    0    5  129.79000  126.33170  2.66%     -    0s
H    0     0                     128.6000000  126.33170  1.76%     -    0s
     0     0  127.10113    0    9  128.60000  127.10113  1.17%     -    0s
H    0     0                     127.5100000  127.10113  0.32%     -    0s
     0     0 infeasible    0       127.51000  127.51000  0.00%     -    0s

Cutting planes:
  Gomory: 3
  Cover: 3
  MIR: 1
  Zero half: 1

Explored 1 nodes (58 simplex iterations) in 0.03 seconds
Thread count was 8 (of 8 available processors)

Solution count 6: 127.51 128.6 129.79 ... 387.81

Optimal solution found (tolerance 1.00e-04)
Best objective 1.275100000000e+02, best bound 1.275100000000e+02, gap 0.0000%
Optimize a model with 150 rows, 1333 columns and 5472 nonzeros
Variable types: 1 continuous, 1332 integer (1332 binary)
Coefficient statistics:
  Matrix range     [9e-01, 1e+05]
  Objective range  [1e+00, 1e+00]
  Bounds range     [1e+00, 1e+00]
  RHS range        [1e+00, 4e+05]
Found heuristic solution: objective 25.3612750
Presolve removed 0 rows and 41 columns
Presolve time: 0.02s
Presolved: 150 rows, 1292 columns, 5300 nonzeros
Variable types: 0 continuous, 1292 integer (1291 binary)

Root relaxation: objective 1.275100e-03, 105 iterations, 0.00 seconds

    Nodes    |    Current Node    |     Objective Bounds      |     Work
 Expl Unexpl |  Obj  Depth IntInf | Incumbent    BestBd   Gap | It/Node Time

     0     0    0.00128    0   33   25.36127    0.00128   100%     -    0s
H    0     0                       7.6312751    0.00128   100%     -    0s
H    0     0                       7.2112751    0.00128   100%     -    0s
     0     0    1.78548    0  116    7.21128    1.78548  75.2%     -    0s
     0     0    3.47184    0  219    7.21128    3.47184  51.9%     -    0s
H    0     0                       6.5812751    3.47184  47.2%     -    0s
H    0     0                       5.9312751    3.47184  41.5%     -    0s
     0     0    5.14128    0    2    5.93128    5.14128  13.3%     -    0s
H    0     0                       5.7912751    5.14128  11.2%     -    0s
H    0     0                       5.1412751    5.14128  0.00%     -    0s

Explored 1 nodes (1496 simplex iterations) in 0.13 seconds
Thread count was 8 (of 8 available processors)

Solution count 8: 5.14128 5.79128 5.93128 ... 25.3613

Optimal solution found (tolerance 1.00e-04)
Best objective 5.141275100000e+00, best bound 5.141275100000e+00, gap 0.0000%
Optimize a model with 44 rows, 144 columns and 292 nonzeros
Variable types: 0 continuous, 144 integer (144 binary)
Coefficient statistics:
  Matrix range     [1e+00, 1e+05]
  Objective range  [2e+00, 3e+01]
  Bounds range     [1e+00, 1e+00]
  RHS range        [1e+00, 5e+05]
Found heuristic solution: objective 497.3000000
Presolve removed 8 rows and 16 columns
Presolve time: 0.00s
Presolved: 36 rows, 128 columns, 256 nonzeros
Variable types: 0 continuous, 128 integer (128 binary)

Root relaxation: objective 1.528892e+02, 34 iterations, 0.00 seconds

    Nodes    |    Current Node    |     Objective Bounds      |     Work
 Expl Unexpl |  Obj  Depth IntInf | Incumbent    BestBd   Gap | It/Node Time

     0     0  152.88923    0    4  497.30000  152.88923  69.3%     -    0s
H    0     0                     162.0800000  152.88923  5.67%     -    0s
H    0     0                     158.0100000  152.88923  3.24%     -    0s
H    0     0                     157.6000000  152.88923  2.99%     -    0s
H    0     0                     154.1900000  152.88923  0.84%     -    0s
     0     0     cutoff    0       154.19000  154.19000  0.00%     -    0s

Cutting planes:
  Cover: 2

Explored 1 nodes (35 simplex iterations) in 0.01 seconds
Thread count was 8 (of 8 available processors)

Solution count 5: 154.19 157.6 158.01 ... 497.3

Optimal solution found (tolerance 1.00e-04)
Best objective 1.541900000000e+02, best bound 1.541900000000e+02, gap 0.0000%
Optimize a model with 149 rows, 1333 columns and 5436 nonzeros
Variable types: 1 continuous, 1332 integer (1332 binary)
Coefficient statistics:
  Matrix range     [9e-01, 1e+05]
  Objective range  [1e+00, 1e+00]
  Bounds range     [1e+00, 1e+00]
  RHS range        [1e+00, 5e+05]
Found heuristic solution: objective 28.0115419
Presolve removed 0 rows and 20 columns
Presolve time: 0.01s
Presolved: 149 rows, 1313 columns, 5350 nonzeros
Variable types: 0 continuous, 1313 integer (1312 binary)

Root relaxation: objective 1.541900e-03, 103 iterations, 0.00 seconds

    Nodes    |    Current Node    |     Objective Bounds      |     Work
 Expl Unexpl |  Obj  Depth IntInf | Incumbent    BestBd   Gap | It/Node Time

     0     0    0.00154    0   33   28.01154    0.00154   100%     -    0s
H    0     0                      16.6315419    0.00154   100%     -    0s
H    0     0                      13.4115419    0.00154   100%     -    0s
H    0     0                      11.9715419    0.00154   100%     -    0s
H    0     0                       8.9215419    0.00154   100%     -    0s
H    0     0                       7.7615419    0.00154   100%     -    0s
     0     0    1.92949    0  116    7.76154    1.92949  75.1%     -    0s
     0     0    4.16197    0  196    7.76154    4.16197  46.4%     -    0s
H    0     0                       6.8115419    4.16197  38.9%     -    0s
     0     0    5.21533    0   92    6.81154    5.21533  23.4%     -    0s
H    0     0                       6.7315419    5.21533  22.5%     -    0s
     0     0    5.39627    0   53    6.73154    5.39627  19.8%     -    0s
H    0     0                       6.5815419    5.39627  18.0%     -    0s
H    0     0                       6.4615419    5.39627  16.5%     -    0s
*    0     0               0       5.9315419    5.93154  0.00%     -    0s

Explored 1 nodes (2078 simplex iterations) in 0.17 seconds
Thread count was 8 (of 8 available processors)

Solution count 10: 5.93154 6.46154 6.57154 ... 13.4115

Optimal solution found (tolerance 1.00e-04)
Best objective 5.931541900000e+00, best bound 5.931541900000e+00, gap 0.0000%

Gurobi 8.0.1 (linux64, Python) logging started mar. 11 déc. 2018 18:32:01 CET

Optimize a model with 44 rows, 144 columns and 292 nonzeros
Variable types: 0 continuous, 144 integer (144 binary)
Coefficient statistics:
  Matrix range     [1e+00, 1e+05]
  Objective range  [2e+00, 3e+01]
  Bounds range     [1e+00, 1e+00]
  RHS range        [1e+00, 5e+05]
Found heuristic solution: objective 497.3000000
Presolve removed 8 rows and 16 columns
Presolve time: 0.00s
Presolved: 36 rows, 128 columns, 256 nonzeros
Variable types: 0 continuous, 128 integer (128 binary)

Root relaxation: objective 1.528892e+02, 34 iterations, 0.01 seconds

    Nodes    |    Current Node    |     Objective Bounds      |     Work
 Expl Unexpl |  Obj  Depth IntInf | Incumbent    BestBd   Gap | It/Node Time

     0     0  152.88923    0    4  497.30000  152.88923  69.3%     -    0s
H    0     0                     162.0800000  152.88923  5.67%     -    0s
H    0     0                     158.0100000  152.88923  3.24%     -    0s
H    0     0                     157.6000000  152.88923  2.99%     -    0s
H    0     0                     154.1900000  152.88923  0.84%     -    0s
     0     0     cutoff    0       154.19000  154.19000  0.00%     -    0s

Cutting planes:
  Cover: 2

Explored 1 nodes (35 simplex iterations) in 0.05 seconds
Thread count was 8 (of 8 available processors)

Solution count 5: 154.19 157.6 158.01 ... 497.3

Optimal solution found (tolerance 1.00e-04)
Best objective 1.541900000000e+02, best bound 1.541900000000e+02, gap 0.0000%
Optimize a model with 44 rows, 144 columns and 292 nonzeros
Variable types: 0 continuous, 144 integer (144 binary)
Coefficient statistics:
  Matrix range     [1e+00, 1e+05]
  Objective range  [2e+00, 3e+01]
  Bounds range     [1e+00, 1e+00]
  RHS range        [1e+00, 5e+05]
Found heuristic solution: objective 497.3000000
Presolve removed 8 rows and 16 columns
Presolve time: 0.00s
Presolved: 36 rows, 128 columns, 256 nonzeros
Variable types: 0 continuous, 128 integer (128 binary)

Root relaxation: objective 1.528892e+02, 34 iterations, 0.00 seconds

    Nodes    |    Current Node    |     Objective Bounds      |     Work
 Expl Unexpl |  Obj  Depth IntInf | Incumbent    BestBd   Gap | It/Node Time

     0     0  152.88923    0    4  497.30000  152.88923  69.3%     -    0s
H    0     0                     162.0800000  152.88923  5.67%     -    0s
H    0     0                     158.0100000  152.88923  3.24%     -    0s
H    0     0                     157.6000000  152.88923  2.99%     -    0s
H    0     0                     154.1900000  152.88923  0.84%     -    0s
     0     0     cutoff    0       154.19000  154.19000  0.00%     -    0s

Cutting planes:
  Cover: 2

Explored 1 nodes (35 simplex iterations) in 0.01 seconds
Thread count was 8 (of 8 available processors)

Solution count 5: 154.19 157.6 158.01 ... 497.3

Optimal solution found (tolerance 1.00e-04)
Best objective 1.541900000000e+02, best bound 1.541900000000e+02, gap 0.0000%
Optimize a model with 149 rows, 1333 columns and 5436 nonzeros
Variable types: 1 continuous, 1332 integer (1332 binary)
Coefficient statistics:
  Matrix range     [9e-01, 1e+05]
  Objective range  [1e+00, 1e+00]
  Bounds range     [1e+00, 1e+00]
  RHS range        [1e+00, 5e+05]
Found heuristic solution: objective 28.0115419
Presolve removed 0 rows and 20 columns
Presolve time: 0.01s
Presolved: 149 rows, 1313 columns, 5350 nonzeros
Variable types: 0 continuous, 1313 integer (1312 binary)

Root relaxation: objective 1.541900e-03, 103 iterations, 0.00 seconds

    Nodes    |    Current Node    |     Objective Bounds      |     Work
 Expl Unexpl |  Obj  Depth IntInf | Incumbent    BestBd   Gap | It/Node Time

     0     0    0.00154    0   33   28.01154    0.00154   100%     -    0s
H    0     0                      16.6315419    0.00154   100%     -    0s
H    0     0                      13.4115419    0.00154   100%     -    0s
H    0     0                      11.9715419    0.00154   100%     -    0s
H    0     0                       8.9215419    0.00154   100%     -    0s
H    0     0                       7.7615419    0.00154   100%     -    0s
     0     0    1.92949    0  116    7.76154    1.92949  75.1%     -    0s
     0     0    4.16197    0  196    7.76154    4.16197  46.4%     -    0s
H    0     0                       6.8115419    4.16197  38.9%     -    0s
     0     0    5.21533    0   92    6.81154    5.21533  23.4%     -    0s
H    0     0                       6.7315419    5.21533  22.5%     -    0s
     0     0    5.39627    0   53    6.73154    5.39627  19.8%     -    0s
H    0     0                       6.5815419    5.39627  18.0%     -    0s
H    0     0                       6.4615419    5.39627  16.5%     -    0s
*    0     0               0       5.9315419    5.93154  0.00%     -    0s

Explored 1 nodes (2078 simplex iterations) in 0.16 seconds
Thread count was 8 (of 8 available processors)

Solution count 10: 5.93154 6.46154 6.57154 ... 13.4115

Optimal solution found (tolerance 1.00e-04)
Best objective 5.931541900000e+00, best bound 5.931541900000e+00, gap 0.0000%
Optimize a model with 44 rows, 144 columns and 292 nonzeros
Variable types: 0 continuous, 144 integer (144 binary)
Coefficient statistics:
  Matrix range     [1e+00, 1e+05]
  Objective range  [2e+00, 3e+01]
  Bounds range     [1e+00, 1e+00]
  RHS range        [1e+00, 5e+05]
Found heuristic solution: objective 497.3000000
Presolve removed 8 rows and 16 columns
Presolve time: 0.00s
Presolved: 36 rows, 128 columns, 256 nonzeros
Variable types: 0 continuous, 128 integer (128 binary)

Root relaxation: objective 1.528892e+02, 34 iterations, 0.00 seconds

    Nodes    |    Current Node    |     Objective Bounds      |     Work
 Expl Unexpl |  Obj  Depth IntInf | Incumbent    BestBd   Gap | It/Node Time

     0     0  152.88923    0    4  497.30000  152.88923  69.3%     -    0s
H    0     0                     162.0800000  152.88923  5.67%     -    0s
H    0     0                     158.0100000  152.88923  3.24%     -    0s
H    0     0                     157.6000000  152.88923  2.99%     -    0s
H    0     0                     154.1900000  152.88923  0.84%     -    0s
     0     0     cutoff    0       154.19000  154.19000  0.00%     -    0s

Cutting planes:
  Cover: 2

Explored 1 nodes (35 simplex iterations) in 0.02 seconds
Thread count was 8 (of 8 available processors)

Solution count 5: 154.19 157.6 158.01 ... 497.3

Optimal solution found (tolerance 1.00e-04)
Best objective 1.541900000000e+02, best bound 1.541900000000e+02, gap 0.0000%
Optimize a model with 80 rows, 145 columns and 468 nonzeros
Variable types: 1 continuous, 144 integer (144 binary)
Coefficient statistics:
  Matrix range     [1e+00, 1e+05]
  Objective range  [1e+00, 1e+00]
  Bounds range     [1e+00, 1e+00]
  RHS range        [1e+00, 5e+05]
Found heuristic solution: objective 33.7515419
Presolve removed 12 rows and 17 columns
Presolve time: 0.00s
Presolved: 68 rows, 128 columns, 369 nonzeros
Variable types: 0 continuous, 128 integer (127 binary)

Root relaxation: objective 8.231542e+00, 50 iterations, 0.00 seconds

    Nodes    |    Current Node    |     Objective Bounds      |     Work
 Expl Unexpl |  Obj  Depth IntInf | Incumbent    BestBd   Gap | It/Node Time

     0     0    8.23154    0    4   33.75154    8.23154  75.6%     -    0s
H    0     0                      16.3615419    8.23154  49.7%     -    0s
H    0     0                       9.4715419    8.23154  13.1%     -    0s
H    0     0                       8.2315419    8.23154  0.00%     -    0s

Explored 1 nodes (50 simplex iterations) in 0.02 seconds
Thread count was 8 (of 8 available processors)

Solution count 4: 8.23154 9.47154 16.3615 33.7515 

Optimal solution found (tolerance 1.00e-04)
Best objective 8.231541900000e+00, best bound 8.231541900000e+00, gap 0.0000%
Optimize a model with 44 rows, 144 columns and 292 nonzeros
Variable types: 0 continuous, 144 integer (144 binary)
Coefficient statistics:
  Matrix range     [1e+00, 1e+05]
  Objective range  [2e+00, 3e+01]
  Bounds range     [1e+00, 1e+00]
  RHS range        [1e+00, 5e+05]
Found heuristic solution: objective 497.3000000
Presolve removed 8 rows and 16 columns
Presolve time: 0.00s
Presolved: 36 rows, 128 columns, 256 nonzeros
Variable types: 0 continuous, 128 integer (128 binary)

Root relaxation: objective 1.528892e+02, 34 iterations, 0.00 seconds

    Nodes    |    Current Node    |     Objective Bounds      |     Work
 Expl Unexpl |  Obj  Depth IntInf | Incumbent    BestBd   Gap | It/Node Time

     0     0  152.88923    0    4  497.30000  152.88923  69.3%     -    0s
H    0     0                     162.0800000  152.88923  5.67%     -    0s
H    0     0                     158.0100000  152.88923  3.24%     -    0s
H    0     0                     157.6000000  152.88923  2.99%     -    0s
H    0     0                     154.1900000  152.88923  0.84%     -    0s
     0     0     cutoff    0       154.19000  154.19000  0.00%     -    0s

Cutting planes:
  Cover: 2

Explored 1 nodes (35 simplex iterations) in 0.01 seconds
Thread count was 8 (of 8 available processors)

Solution count 5: 154.19 157.6 158.01 ... 497.3

Optimal solution found (tolerance 1.00e-04)
Best objective 1.541900000000e+02, best bound 1.541900000000e+02, gap 0.0000%
Optimize a model with 44 rows, 144 columns and 292 nonzeros
Variable types: 0 continuous, 144 integer (144 binary)
Coefficient statistics:
  Matrix range     [1e+00, 1e+05]
  Objective range  [2e+00, 3e+01]
  Bounds range     [1e+00, 1e+00]
  RHS range        [1e+00, 5e+05]
Found heuristic solution: objective 497.3000000
Presolve removed 8 rows and 16 columns
Presolve time: 0.00s
Presolved: 36 rows, 128 columns, 256 nonzeros
Variable types: 0 continuous, 128 integer (128 binary)

Root relaxation: objective 1.528892e+02, 34 iterations, 0.00 seconds

    Nodes    |    Current Node    |     Objective Bounds      |     Work
 Expl Unexpl |  Obj  Depth IntInf | Incumbent    BestBd   Gap | It/Node Time

     0     0  152.88923    0    4  497.30000  152.88923  69.3%     -    0s
H    0     0                     162.0800000  152.88923  5.67%     -    0s
H    0     0                     158.0100000  152.88923  3.24%     -    0s
H    0     0                     157.6000000  152.88923  2.99%     -    0s
H    0     0                     154.1900000  152.88923  0.84%     -    0s
     0     0     cutoff    0       154.19000  154.19000  0.00%     -    0s

Cutting planes:
  Cover: 2

Explored 1 nodes (35 simplex iterations) in 0.02 seconds
Thread count was 8 (of 8 available processors)

Solution count 5: 154.19 157.6 158.01 ... 497.3

Optimal solution found (tolerance 1.00e-04)
Best objective 1.541900000000e+02, best bound 1.541900000000e+02, gap 0.0000%
Optimize a model with 44 rows, 144 columns and 292 nonzeros
Variable types: 0 continuous, 144 integer (144 binary)
Coefficient statistics:
  Matrix range     [1e+00, 1e+05]
  Objective range  [2e+00, 3e+01]
  Bounds range     [1e+00, 1e+00]
  RHS range        [1e+00, 5e+05]
Found heuristic solution: objective 497.3000000
Presolve removed 8 rows and 16 columns
Presolve time: 0.00s
Presolved: 36 rows, 128 columns, 256 nonzeros
Variable types: 0 continuous, 128 integer (128 binary)

Root relaxation: objective 1.528892e+02, 34 iterations, 0.00 seconds

    Nodes    |    Current Node    |     Objective Bounds      |     Work
 Expl Unexpl |  Obj  Depth IntInf | Incumbent    BestBd   Gap | It/Node Time

     0     0  152.88923    0    4  497.30000  152.88923  69.3%     -    0s
H    0     0                     162.0800000  152.88923  5.67%     -    0s
H    0     0                     158.0100000  152.88923  3.24%     -    0s
H    0     0                     157.6000000  152.88923  2.99%     -    0s
H    0     0                     154.1900000  152.88923  0.84%     -    0s
     0     0     cutoff    0       154.19000  154.19000  0.00%     -    0s

Cutting planes:
  Cover: 2

Explored 1 nodes (35 simplex iterations) in 0.01 seconds
Thread count was 8 (of 8 available processors)

Solution count 5: 154.19 157.6 158.01 ... 497.3

Optimal solution found (tolerance 1.00e-04)
Best objective 1.541900000000e+02, best bound 1.541900000000e+02, gap 0.0000%
Optimize a model with 44 rows, 144 columns and 292 nonzeros
Variable types: 0 continuous, 144 integer (144 binary)
Coefficient statistics:
  Matrix range     [1e+00, 1e+05]
  Objective range  [2e+00, 3e+01]
  Bounds range     [1e+00, 1e+00]
  RHS range        [1e+00, 5e+05]
Found heuristic solution: objective 497.3000000
Presolve removed 8 rows and 16 columns
Presolve time: 0.00s
Presolved: 36 rows, 128 columns, 256 nonzeros
Variable types: 0 continuous, 128 integer (128 binary)

Root relaxation: objective 1.528892e+02, 34 iterations, 0.00 seconds

    Nodes    |    Current Node    |     Objective Bounds      |     Work
 Expl Unexpl |  Obj  Depth IntInf | Incumbent    BestBd   Gap | It/Node Time

     0     0  152.88923    0    4  497.30000  152.88923  69.3%     -    0s
H    0     0                     162.0800000  152.88923  5.67%     -    0s
H    0     0                     158.0100000  152.88923  3.24%     -    0s
H    0     0                     157.6000000  152.88923  2.99%     -    0s
H    0     0                     154.1900000  152.88923  0.84%     -    0s
     0     0     cutoff    0       154.19000  154.19000  0.00%     -    0s

Cutting planes:
  Cover: 2

Explored 1 nodes (35 simplex iterations) in 0.01 seconds
Thread count was 8 (of 8 available processors)

Solution count 5: 154.19 157.6 158.01 ... 497.3

Optimal solution found (tolerance 1.00e-04)
Best objective 1.541900000000e+02, best bound 1.541900000000e+02, gap 0.0000%
Optimize a model with 149 rows, 1333 columns and 5436 nonzeros
Variable types: 1 continuous, 1332 integer (1332 binary)
Coefficient statistics:
  Matrix range     [9e-01, 1e+05]
  Objective range  [1e+00, 1e+00]
  Bounds range     [1e+00, 1e+00]
  RHS range        [1e+00, 5e+05]
Found heuristic solution: objective 28.0115419
Presolve removed 0 rows and 20 columns
Presolve time: 0.01s
Presolved: 149 rows, 1313 columns, 5350 nonzeros
Variable types: 0 continuous, 1313 integer (1312 binary)

Root relaxation: objective 1.541900e-03, 103 iterations, 0.00 seconds

    Nodes    |    Current Node    |     Objective Bounds      |     Work
 Expl Unexpl |  Obj  Depth IntInf | Incumbent    BestBd   Gap | It/Node Time

     0     0    0.00154    0   33   28.01154    0.00154   100%     -    0s
H    0     0                      16.6315419    0.00154   100%     -    0s
H    0     0                      13.4115419    0.00154   100%     -    0s
H    0     0                      11.9715419    0.00154   100%     -    0s
H    0     0                       8.9215419    0.00154   100%     -    0s
H    0     0                       7.7615419    0.00154   100%     -    0s
     0     0    1.92949    0  116    7.76154    1.92949  75.1%     -    0s
     0     0    4.16197    0  196    7.76154    4.16197  46.4%     -    0s
H    0     0                       6.8115419    4.16197  38.9%     -    0s
     0     0    5.21533    0   92    6.81154    5.21533  23.4%     -    0s
H    0     0                       6.7315419    5.21533  22.5%     -    0s
     0     0    5.39627    0   53    6.73154    5.39627  19.8%     -    0s
H    0     0                       6.5815419    5.39627  18.0%     -    0s
H    0     0                       6.4615419    5.39627  16.5%     -    0s
*    0     0               0       5.9315419    5.93154  0.00%     -    0s

Explored 1 nodes (2078 simplex iterations) in 0.17 seconds
Thread count was 8 (of 8 available processors)

Solution count 10: 5.93154 6.46154 6.57154 ... 13.4115

Optimal solution found (tolerance 1.00e-04)
Best objective 5.931541900000e+00, best bound 5.931541900000e+00, gap 0.0000%
Optimize a model with 44 rows, 144 columns and 292 nonzeros
Variable types: 0 continuous, 144 integer (144 binary)
Coefficient statistics:
  Matrix range     [1e+00, 1e+05]
  Objective range  [2e+00, 3e+01]
  Bounds range     [1e+00, 1e+00]
  RHS range        [1e+00, 5e+05]
Found heuristic solution: objective 497.3000000
Presolve removed 8 rows and 16 columns
Presolve time: 0.00s
Presolved: 36 rows, 128 columns, 256 nonzeros
Variable types: 0 continuous, 128 integer (128 binary)

Root relaxation: objective 1.528892e+02, 34 iterations, 0.00 seconds

    Nodes    |    Current Node    |     Objective Bounds      |     Work
 Expl Unexpl |  Obj  Depth IntInf | Incumbent    BestBd   Gap | It/Node Time

     0     0  152.88923    0    4  497.30000  152.88923  69.3%     -    0s
H    0     0                     162.0800000  152.88923  5.67%     -    0s
H    0     0                     158.0100000  152.88923  3.24%     -    0s
H    0     0                     157.6000000  152.88923  2.99%     -    0s
H    0     0                     154.1900000  152.88923  0.84%     -    0s
     0     0     cutoff    0       154.19000  154.19000  0.00%     -    0s

Cutting planes:
  Cover: 2

Explored 1 nodes (35 simplex iterations) in 0.01 seconds
Thread count was 8 (of 8 available processors)

Solution count 5: 154.19 157.6 158.01 ... 497.3

Optimal solution found (tolerance 1.00e-04)
Best objective 1.541900000000e+02, best bound 1.541900000000e+02, gap 0.0000%
Optimize a model with 42 rows, 108 columns and 219 nonzeros
Variable types: 0 continuous, 108 integer (108 binary)
Coefficient statistics:
  Matrix range     [1e+00, 1e+05]
  Objective range  [2e+00, 3e+01]
  Bounds range     [1e+00, 1e+00]
  RHS range        [1e+00, 6e+05]
Found heuristic solution: objective 468.2000000
Presolve removed 6 rows and 9 columns
Presolve time: 0.00s
Presolved: 36 rows, 99 columns, 198 nonzeros
Variable types: 0 continuous, 99 integer (99 binary)

Root relaxation: objective 1.710463e+02, 34 iterations, 0.00 seconds

    Nodes    |    Current Node    |     Objective Bounds      |     Work
 Expl Unexpl |  Obj  Depth IntInf | Incumbent    BestBd   Gap | It/Node Time

     0     0  171.04633    0    2  468.20000  171.04633  63.5%     -    0s
H    0     0                     171.8500000  171.04633  0.47%     -    0s
     0     0     cutoff    0       171.85000  171.85000  0.00%     -    0s
     0     0     cutoff    0       171.85000  171.85000  0.00%     -    0s

Explored 1 nodes (34 simplex iterations) in 0.01 seconds
Thread count was 8 (of 8 available processors)

Solution count 2: 171.85 468.2 

Optimal solution found (tolerance 1.00e-04)
Best objective 1.718500000000e+02, best bound 1.718500000000e+02, gap 0.0000%
Optimize a model with 78 rows, 109 columns and 360 nonzeros
Variable types: 1 continuous, 108 integer (108 binary)
Coefficient statistics:
  Matrix range     [1e+00, 1e+05]
  Objective range  [1e+00, 1e+00]
  Bounds range     [1e+00, 1e+00]
  RHS range        [1e+00, 6e+05]
Found heuristic solution: objective 33.7517185
Presolve removed 10 rows and 11 columns
Presolve time: 0.00s
Presolved: 68 rows, 98 columns, 290 nonzeros
Variable types: 0 continuous, 98 integer (97 binary)

Root relaxation: objective 8.652558e+00, 74 iterations, 0.00 seconds

    Nodes    |    Current Node    |     Objective Bounds      |     Work
 Expl Unexpl |  Obj  Depth IntInf | Incumbent    BestBd   Gap | It/Node Time

     0     0    8.65256    0   31   33.75172    8.65256  74.4%     -    0s
H    0     0                       9.2917185    8.65256  6.88%     -    0s
     0     0     cutoff    0         9.29172    9.29172  0.00%     -    0s
     0     0     cutoff    0         9.29172    9.29172  0.00%     -    0s

Explored 1 nodes (79 simplex iterations) in 0.02 seconds
Thread count was 8 (of 8 available processors)

Solution count 2: 9.29172 33.7517 

Optimal solution found (tolerance 1.00e-04)
Best objective 9.291718500000e+00, best bound 9.291718500000e+00, gap 0.0000%
Optimize a model with 42 rows, 108 columns and 219 nonzeros
Variable types: 0 continuous, 108 integer (108 binary)
Coefficient statistics:
  Matrix range     [1e+00, 1e+05]
  Objective range  [2e+00, 3e+01]
  Bounds range     [1e+00, 1e+00]
  RHS range        [1e+00, 6e+05]
Found heuristic solution: objective 468.2000000
Presolve removed 6 rows and 9 columns
Presolve time: 0.00s
Presolved: 36 rows, 99 columns, 198 nonzeros
Variable types: 0 continuous, 99 integer (99 binary)

Root relaxation: objective 1.710463e+02, 34 iterations, 0.00 seconds

    Nodes    |    Current Node    |     Objective Bounds      |     Work
 Expl Unexpl |  Obj  Depth IntInf | Incumbent    BestBd   Gap | It/Node Time

     0     0  171.04633    0    2  468.20000  171.04633  63.5%     -    0s
H    0     0                     171.8500000  171.04633  0.47%     -    0s
     0     0     cutoff    0       171.85000  171.85000  0.00%     -    0s
     0     0     cutoff    0       171.85000  171.85000  0.00%     -    0s

Explored 1 nodes (34 simplex iterations) in 0.01 seconds
Thread count was 8 (of 8 available processors)

Solution count 2: 171.85 468.2 

Optimal solution found (tolerance 1.00e-04)
Best objective 1.718500000000e+02, best bound 1.718500000000e+02, gap 0.0000%
Optimize a model with 148 rows, 1333 columns and 5400 nonzeros
Variable types: 1 continuous, 1332 integer (1332 binary)
Coefficient statistics:
  Matrix range     [9e-01, 1e+05]
  Objective range  [1e+00, 1e+00]
  Bounds range     [1e+00, 1e+00]
  RHS range        [1e+00, 6e+05]
Found heuristic solution: objective 22.4417186
Presolve removed 0 rows and 95 columns
Presolve time: 0.01s
Presolved: 148 rows, 1238 columns, 5005 nonzeros
Variable types: 0 continuous, 1238 integer (1237 binary)

Root relaxation: objective 1.718500e-03, 93 iterations, 0.00 seconds

    Nodes    |    Current Node    |     Objective Bounds      |     Work
 Expl Unexpl |  Obj  Depth IntInf | Incumbent    BestBd   Gap | It/Node Time

     0     0    0.00172    0   35   22.44172    0.00172   100%     -    0s
H    0     0                      21.9717185    0.00172   100%     -    0s
H    0     0                      19.4617185    0.00172   100%     -    0s
H    0     0                      14.3117185    0.00172   100%     -    0s
H    0     0                      12.1217185    0.00172   100%     -    0s
H    0     0                      11.9717185    0.00172   100%     -    0s
H    0     0                      11.4317185    0.00172   100%     -    0s
     0     0    2.20920    0  122   11.43172    2.20920  80.7%     -    0s
H    0     0                      11.3017185    2.20920  80.5%     -    0s
     0     0    5.31446    0  164   11.30172    5.31446  53.0%     -    0s
H    0     0                       9.6917185    5.31446  45.2%     -    0s
     0     0    5.66057    0  212    9.69172    5.66057  41.6%     -    0s
H    0     0                       8.7717185    5.66057  35.5%     -    0s
     0     0    6.81172    0   60    8.77172    6.81172  22.3%     -    0s
     0     0    6.81172    0   22    8.77172    6.81172  22.3%     -    0s
H    0     0                       8.5517185    6.81172  20.3%     -    0s
*    0     0               0       6.8117185    6.81172  0.00%     -    0s

Explored 1 nodes (2938 simplex iterations) in 0.17 seconds
Thread count was 8 (of 8 available processors)

Solution count 10: 6.81172 8.55172 8.76172 ... 12.1217

Optimal solution found (tolerance 1.00e-04)
Best objective 6.811718500000e+00, best bound 6.811718500000e+00, gap 0.0000%
Optimize a model with 42 rows, 108 columns and 219 nonzeros
Variable types: 0 continuous, 108 integer (108 binary)
Coefficient statistics:
  Matrix range     [1e+00, 1e+05]
  Objective range  [2e+00, 3e+01]
  Bounds range     [1e+00, 1e+00]
  RHS range        [1e+00, 6e+05]
Found heuristic solution: objective 468.2000000
Presolve removed 6 rows and 9 columns
Presolve time: 0.00s
Presolved: 36 rows, 99 columns, 198 nonzeros
Variable types: 0 continuous, 99 integer (99 binary)

Root relaxation: objective 1.710463e+02, 34 iterations, 0.00 seconds

    Nodes    |    Current Node    |     Objective Bounds      |     Work
 Expl Unexpl |  Obj  Depth IntInf | Incumbent    BestBd   Gap | It/Node Time

     0     0  171.04633    0    2  468.20000  171.04633  63.5%     -    0s
H    0     0                     171.8500000  171.04633  0.47%     -    0s
     0     0     cutoff    0       171.85000  171.85000  0.00%     -    0s
     0     0     cutoff    0       171.85000  171.85000  0.00%     -    0s

Explored 1 nodes (34 simplex iterations) in 0.01 seconds
Thread count was 8 (of 8 available processors)

Solution count 2: 171.85 468.2 

Optimal solution found (tolerance 1.00e-04)
Best objective 1.718500000000e+02, best bound 1.718500000000e+02, gap 0.0000%
Optimize a model with 78 rows, 109 columns and 360 nonzeros
Variable types: 1 continuous, 108 integer (108 binary)
Coefficient statistics:
  Matrix range     [1e+00, 1e+05]
  Objective range  [1e+00, 1e+00]
  Bounds range     [1e+00, 1e+00]
  RHS range        [1e+00, 6e+05]
Found heuristic solution: objective 33.7517185
Presolve removed 10 rows and 11 columns
Presolve time: 0.00s
Presolved: 68 rows, 98 columns, 290 nonzeros
Variable types: 0 continuous, 98 integer (97 binary)

Root relaxation: objective 8.652558e+00, 74 iterations, 0.00 seconds

    Nodes    |    Current Node    |     Objective Bounds      |     Work
 Expl Unexpl |  Obj  Depth IntInf | Incumbent    BestBd   Gap | It/Node Time

     0     0    8.65256    0   31   33.75172    8.65256  74.4%     -    0s
H    0     0                       9.2917185    8.65256  6.88%     -    0s
     0     0     cutoff    0         9.29172    9.29172  0.00%     -    0s
     0     0     cutoff    0         9.29172    9.29172  0.00%     -    0s

Explored 1 nodes (79 simplex iterations) in 0.02 seconds
Thread count was 8 (of 8 available processors)

Solution count 2: 9.29172 33.7517 

Optimal solution found (tolerance 1.00e-04)
Best objective 9.291718500000e+00, best bound 9.291718500000e+00, gap 0.0000%
Optimize a model with 44 rows, 144 columns and 292 nonzeros
Variable types: 0 continuous, 144 integer (144 binary)
Coefficient statistics:
  Matrix range     [1e+00, 1e+05]
  Objective range  [2e+00, 3e+01]
  Bounds range     [1e+00, 1e+00]
  RHS range        [1e+00, 5e+05]
Found heuristic solution: objective 497.3000000
Presolve removed 8 rows and 16 columns
Presolve time: 0.00s
Presolved: 36 rows, 128 columns, 256 nonzeros
Variable types: 0 continuous, 128 integer (128 binary)

Root relaxation: objective 1.528892e+02, 34 iterations, 0.00 seconds

    Nodes    |    Current Node    |     Objective Bounds      |     Work
 Expl Unexpl |  Obj  Depth IntInf | Incumbent    BestBd   Gap | It/Node Time

     0     0  152.88923    0    4  497.30000  152.88923  69.3%     -    0s
H    0     0                     162.0800000  152.88923  5.67%     -    0s
H    0     0                     158.0100000  152.88923  3.24%     -    0s
H    0     0                     157.6000000  152.88923  2.99%     -    0s
H    0     0                     154.1900000  152.88923  0.84%     -    0s
     0     0     cutoff    0       154.19000  154.19000  0.00%     -    0s

Cutting planes:
  Cover: 2

Explored 1 nodes (35 simplex iterations) in 0.01 seconds
Thread count was 8 (of 8 available processors)

Solution count 5: 154.19 157.6 158.01 ... 497.3

Optimal solution found (tolerance 1.00e-04)
Best objective 1.541900000000e+02, best bound 1.541900000000e+02, gap 0.0000%
Optimize a model with 80 rows, 145 columns and 468 nonzeros
Variable types: 1 continuous, 144 integer (144 binary)
Coefficient statistics:
  Matrix range     [1e+00, 1e+05]
  Objective range  [1e+00, 1e+00]
  Bounds range     [1e+00, 1e+00]
  RHS range        [1e+00, 5e+05]
Found heuristic solution: objective 33.7515419
Presolve removed 12 rows and 17 columns
Presolve time: 0.00s
Presolved: 68 rows, 128 columns, 369 nonzeros
Variable types: 0 continuous, 128 integer (127 binary)

Root relaxation: objective 8.231542e+00, 50 iterations, 0.00 seconds

    Nodes    |    Current Node    |     Objective Bounds      |     Work
 Expl Unexpl |  Obj  Depth IntInf | Incumbent    BestBd   Gap | It/Node Time

     0     0    8.23154    0    4   33.75154    8.23154  75.6%     -    0s
H    0     0                      16.3615419    8.23154  49.7%     -    0s
H    0     0                       9.4715419    8.23154  13.1%     -    0s
H    0     0                       8.2315419    8.23154  0.00%     -    0s

Explored 1 nodes (50 simplex iterations) in 0.02 seconds
Thread count was 8 (of 8 available processors)

Solution count 4: 8.23154 9.47154 16.3615 33.7515 

Optimal solution found (tolerance 1.00e-04)
Best objective 8.231541900000e+00, best bound 8.231541900000e+00, gap 0.0000%
Optimize a model with 46 rows, 180 columns and 365 nonzeros
Variable types: 0 continuous, 180 integer (180 binary)
Coefficient statistics:
  Matrix range     [1e+00, 1e+05]
  Objective range  [1e+00, 3e+01]
  Bounds range     [1e+00, 1e+00]
  RHS range        [1e+00, 4e+05]
Found heuristic solution: objective 387.8100000
Presolve removed 10 rows and 25 columns
Presolve time: 0.00s
Presolved: 36 rows, 155 columns, 310 nonzeros
Variable types: 0 continuous, 155 integer (155 binary)

Root relaxation: objective 1.208746e+02, 36 iterations, 0.00 seconds

    Nodes    |    Current Node    |     Objective Bounds      |     Work
 Expl Unexpl |  Obj  Depth IntInf | Incumbent    BestBd   Gap | It/Node Time

     0     0  120.87459    0    6  387.81000  120.87459  68.8%     -    0s
H    0     0                     142.3100000  120.87459  15.1%     -    0s
H    0     0                     130.4800000  120.87459  7.36%     -    0s
H    0     0                     129.7900000  120.87459  6.87%     -    0s
     0     0  126.33170    0    8  129.79000  126.33170  2.66%     -    0s
     0     0  126.33170    0    5  129.79000  126.33170  2.66%     -    0s
H    0     0                     128.6000000  126.33170  1.76%     -    0s
     0     0  127.10113    0    9  128.60000  127.10113  1.17%     -    0s
H    0     0                     127.5100000  127.10113  0.32%     -    0s
     0     0 infeasible    0       127.51000  127.51000  0.00%     -    0s

Cutting planes:
  Gomory: 3
  Cover: 3
  MIR: 1
  Zero half: 1

Explored 1 nodes (58 simplex iterations) in 0.02 seconds
Thread count was 8 (of 8 available processors)

Solution count 6: 127.51 128.6 129.79 ... 387.81

Optimal solution found (tolerance 1.00e-04)
Best objective 1.275100000000e+02, best bound 1.275100000000e+02, gap 0.0000%
Optimize a model with 82 rows, 181 columns and 576 nonzeros
Variable types: 1 continuous, 180 integer (180 binary)
Coefficient statistics:
  Matrix range     [1e+00, 1e+05]
  Objective range  [1e+00, 1e+00]
  Bounds range     [1e+00, 1e+00]
  RHS range        [1e+00, 4e+05]
Found heuristic solution: objective 34.8712750
Presolve removed 15 rows and 25 columns
Presolve time: 0.00s
Presolved: 67 rows, 156 columns, 459 nonzeros
Variable types: 0 continuous, 156 integer (155 binary)

Root relaxation: objective 6.270642e+00, 90 iterations, 0.00 seconds

    Nodes    |    Current Node    |     Objective Bounds      |     Work
 Expl Unexpl |  Obj  Depth IntInf | Incumbent    BestBd   Gap | It/Node Time

     0     0    6.27064    0   24   34.87127    6.27064  82.0%     -    0s
H    0     0                      28.9612751    6.27064  78.3%     -    0s
H    0     0                      17.9112751    6.27064  65.0%     -    0s
H    0     0                      13.1212751    6.27064  52.2%     -    0s
     0     0    6.60117    0   27   13.12128    6.60117  49.7%     -    0s
H    0     0                      10.5812751    6.60117  37.6%     -    0s
H    0     0                       8.3112751    6.60117  20.6%     -    0s
     0     0    7.27485    0    6    8.31128    7.27485  12.5%     -    0s
H    0     0                       8.2012751    7.27485  11.3%     -    0s
     0     0 infeasible    0         8.20128    8.20128  0.00%     -    0s
     0     0 infeasible    0         8.20128    8.20128  0.00%     -    0s

Cutting planes:
  Gomory: 2
  MIR: 1

Explored 1 nodes (150 simplex iterations) in 0.03 seconds
Thread count was 8 (of 8 available processors)

Solution count 9: 8.20128 8.31128 10.5713 ... 34.8713

Optimal solution found (tolerance 1.00e-04)
Best objective 8.201275100000e+00, best bound 8.201275100000e+00, gap 0.0000%
Optimize a model with 42 rows, 108 columns and 219 nonzeros
Variable types: 0 continuous, 108 integer (108 binary)
Coefficient statistics:
  Matrix range     [1e+00, 1e+05]
  Objective range  [2e+00, 3e+01]
  Bounds range     [1e+00, 1e+00]
  RHS range        [1e+00, 6e+05]
Found heuristic solution: objective 468.2000000
Presolve removed 6 rows and 9 columns
Presolve time: 0.00s
Presolved: 36 rows, 99 columns, 198 nonzeros
Variable types: 0 continuous, 99 integer (99 binary)

Root relaxation: objective 1.710463e+02, 34 iterations, 0.00 seconds

    Nodes    |    Current Node    |     Objective Bounds      |     Work
 Expl Unexpl |  Obj  Depth IntInf | Incumbent    BestBd   Gap | It/Node Time

     0     0  171.04633    0    2  468.20000  171.04633  63.5%     -    0s
H    0     0                     171.8500000  171.04633  0.47%     -    0s
     0     0     cutoff    0       171.85000  171.85000  0.00%     -    0s
     0     0     cutoff    0       171.85000  171.85000  0.00%     -    0s

Explored 1 nodes (34 simplex iterations) in 0.01 seconds
Thread count was 8 (of 8 available processors)

Solution count 2: 171.85 468.2 

Optimal solution found (tolerance 1.00e-04)
Best objective 1.718500000000e+02, best bound 1.718500000000e+02, gap 0.0000%
Optimize a model with 148 rows, 1333 columns and 5400 nonzeros
Variable types: 1 continuous, 1332 integer (1332 binary)
Coefficient statistics:
  Matrix range     [9e-01, 1e+05]
  Objective range  [1e+00, 1e+00]
  Bounds range     [1e+00, 1e+00]
  RHS range        [1e+00, 6e+05]
Found heuristic solution: objective 22.4417186
Presolve removed 0 rows and 95 columns
Presolve time: 0.01s
Presolved: 148 rows, 1238 columns, 5005 nonzeros
Variable types: 0 continuous, 1238 integer (1237 binary)

Root relaxation: objective 1.718500e-03, 93 iterations, 0.00 seconds

    Nodes    |    Current Node    |     Objective Bounds      |     Work
 Expl Unexpl |  Obj  Depth IntInf | Incumbent    BestBd   Gap | It/Node Time

     0     0    0.00172    0   35   22.44172    0.00172   100%     -    0s
H    0     0                      21.9717185    0.00172   100%     -    0s
H    0     0                      19.4617185    0.00172   100%     -    0s
H    0     0                      14.3117185    0.00172   100%     -    0s
H    0     0                      12.1217185    0.00172   100%     -    0s
H    0     0                      11.9717185    0.00172   100%     -    0s
H    0     0                      11.4317185    0.00172   100%     -    0s
     0     0    2.20920    0  122   11.43172    2.20920  80.7%     -    0s
H    0     0                      11.3017185    2.20920  80.5%     -    0s
     0     0    5.31446    0  164   11.30172    5.31446  53.0%     -    0s
H    0     0                       9.6917185    5.31446  45.2%     -    0s
     0     0    5.66057    0  212    9.69172    5.66057  41.6%     -    0s
H    0     0                       8.7717185    5.66057  35.5%     -    0s
     0     0    6.81172    0   60    8.77172    6.81172  22.3%     -    0s
     0     0    6.81172    0   22    8.77172    6.81172  22.3%     -    0s
H    0     0                       8.5517185    6.81172  20.3%     -    0s
*    0     0               0       6.8117185    6.81172  0.00%     -    0s

Explored 1 nodes (2938 simplex iterations) in 0.19 seconds
Thread count was 8 (of 8 available processors)

Solution count 10: 6.81172 8.55172 8.76172 ... 12.1217

Optimal solution found (tolerance 1.00e-04)
Best objective 6.811718500000e+00, best bound 6.811718500000e+00, gap 0.0000%
Optimize a model with 42 rows, 108 columns and 219 nonzeros
Variable types: 0 continuous, 108 integer (108 binary)
Coefficient statistics:
  Matrix range     [1e+00, 1e+05]
  Objective range  [2e+00, 3e+01]
  Bounds range     [1e+00, 1e+00]
  RHS range        [1e+00, 6e+05]
Found heuristic solution: objective 468.2000000
Presolve removed 6 rows and 9 columns
Presolve time: 0.00s
Presolved: 36 rows, 99 columns, 198 nonzeros
Variable types: 0 continuous, 99 integer (99 binary)

Root relaxation: objective 1.710463e+02, 34 iterations, 0.00 seconds

    Nodes    |    Current Node    |     Objective Bounds      |     Work
 Expl Unexpl |  Obj  Depth IntInf | Incumbent    BestBd   Gap | It/Node Time

     0     0  171.04633    0    2  468.20000  171.04633  63.5%     -    0s
H    0     0                     171.8500000  171.04633  0.47%     -    0s
     0     0     cutoff    0       171.85000  171.85000  0.00%     -    0s
     0     0     cutoff    0       171.85000  171.85000  0.00%     -    0s

Explored 1 nodes (34 simplex iterations) in 0.01 seconds
Thread count was 8 (of 8 available processors)

Solution count 2: 171.85 468.2 

Optimal solution found (tolerance 1.00e-04)
Best objective 1.718500000000e+02, best bound 1.718500000000e+02, gap 0.0000%
Optimize a model with 42 rows, 108 columns and 219 nonzeros
Variable types: 0 continuous, 108 integer (108 binary)
Coefficient statistics:
  Matrix range     [1e+00, 1e+05]
  Objective range  [2e+00, 3e+01]
  Bounds range     [1e+00, 1e+00]
  RHS range        [1e+00, 6e+05]
Found heuristic solution: objective 468.2000000
Presolve removed 6 rows and 9 columns
Presolve time: 0.00s
Presolved: 36 rows, 99 columns, 198 nonzeros
Variable types: 0 continuous, 99 integer (99 binary)

Root relaxation: objective 1.710463e+02, 34 iterations, 0.00 seconds

    Nodes    |    Current Node    |     Objective Bounds      |     Work
 Expl Unexpl |  Obj  Depth IntInf | Incumbent    BestBd   Gap | It/Node Time

     0     0  171.04633    0    2  468.20000  171.04633  63.5%     -    0s
H    0     0                     171.8500000  171.04633  0.47%     -    0s
     0     0     cutoff    0       171.85000  171.85000  0.00%     -    0s
     0     0     cutoff    0       171.85000  171.85000  0.00%     -    0s

Explored 1 nodes (34 simplex iterations) in 0.01 seconds
Thread count was 8 (of 8 available processors)

Solution count 2: 171.85 468.2 

Optimal solution found (tolerance 1.00e-04)
Best objective 1.718500000000e+02, best bound 1.718500000000e+02, gap 0.0000%
Optimize a model with 148 rows, 1333 columns and 5400 nonzeros
Variable types: 1 continuous, 1332 integer (1332 binary)
Coefficient statistics:
  Matrix range     [9e-01, 1e+05]
  Objective range  [1e+00, 1e+00]
  Bounds range     [1e+00, 1e+00]
  RHS range        [1e+00, 6e+05]
Found heuristic solution: objective 22.4417186
Presolve removed 0 rows and 95 columns
Presolve time: 0.01s
Presolved: 148 rows, 1238 columns, 5005 nonzeros
Variable types: 0 continuous, 1238 integer (1237 binary)

Root relaxation: objective 1.718500e-03, 93 iterations, 0.00 seconds

    Nodes    |    Current Node    |     Objective Bounds      |     Work
 Expl Unexpl |  Obj  Depth IntInf | Incumbent    BestBd   Gap | It/Node Time

     0     0    0.00172    0   35   22.44172    0.00172   100%     -    0s
H    0     0                      21.9717185    0.00172   100%     -    0s
H    0     0                      19.4617185    0.00172   100%     -    0s
H    0     0                      14.3117185    0.00172   100%     -    0s
H    0     0                      12.1217185    0.00172   100%     -    0s
H    0     0                      11.9717185    0.00172   100%     -    0s
H    0     0                      11.4317185    0.00172   100%     -    0s
     0     0    2.20920    0  122   11.43172    2.20920  80.7%     -    0s
H    0     0                      11.3017185    2.20920  80.5%     -    0s
     0     0    5.31446    0  164   11.30172    5.31446  53.0%     -    0s
H    0     0                       9.6917185    5.31446  45.2%     -    0s
     0     0    5.66057    0  212    9.69172    5.66057  41.6%     -    0s
H    0     0                       8.7717185    5.66057  35.5%     -    0s
     0     0    6.81172    0   60    8.77172    6.81172  22.3%     -    0s
     0     0    6.81172    0   22    8.77172    6.81172  22.3%     -    0s
H    0     0                       8.5517185    6.81172  20.3%     -    0s
*    0     0               0       6.8117185    6.81172  0.00%     -    0s

Explored 1 nodes (2938 simplex iterations) in 0.17 seconds
Thread count was 8 (of 8 available processors)

Solution count 10: 6.81172 8.55172 8.76172 ... 12.1217

Optimal solution found (tolerance 1.00e-04)
Best objective 6.811718500000e+00, best bound 6.811718500000e+00, gap 0.0000%
Optimize a model with 42 rows, 108 columns and 219 nonzeros
Variable types: 0 continuous, 108 integer (108 binary)
Coefficient statistics:
  Matrix range     [1e+00, 1e+05]
  Objective range  [2e+00, 3e+01]
  Bounds range     [1e+00, 1e+00]
  RHS range        [1e+00, 6e+05]
Found heuristic solution: objective 468.2000000
Presolve removed 6 rows and 9 columns
Presolve time: 0.00s
Presolved: 36 rows, 99 columns, 198 nonzeros
Variable types: 0 continuous, 99 integer (99 binary)

Root relaxation: objective 1.710463e+02, 34 iterations, 0.00 seconds

    Nodes    |    Current Node    |     Objective Bounds      |     Work
 Expl Unexpl |  Obj  Depth IntInf | Incumbent    BestBd   Gap | It/Node Time

     0     0  171.04633    0    2  468.20000  171.04633  63.5%     -    0s
H    0     0                     171.8500000  171.04633  0.47%     -    0s
     0     0     cutoff    0       171.85000  171.85000  0.00%     -    0s
     0     0     cutoff    0       171.85000  171.85000  0.00%     -    0s

Explored 1 nodes (34 simplex iterations) in 0.01 seconds
Thread count was 8 (of 8 available processors)

Solution count 2: 171.85 468.2 

Optimal solution found (tolerance 1.00e-04)
Best objective 1.718500000000e+02, best bound 1.718500000000e+02, gap 0.0000%
Optimize a model with 148 rows, 1333 columns and 5400 nonzeros
Variable types: 1 continuous, 1332 integer (1332 binary)
Coefficient statistics:
  Matrix range     [9e-01, 1e+05]
  Objective range  [1e+00, 1e+00]
  Bounds range     [1e+00, 1e+00]
  RHS range        [1e+00, 6e+05]
Found heuristic solution: objective 22.4417186
Presolve removed 0 rows and 95 columns
Presolve time: 0.01s
Presolved: 148 rows, 1238 columns, 5005 nonzeros
Variable types: 0 continuous, 1238 integer (1237 binary)

Root relaxation: objective 1.718500e-03, 93 iterations, 0.00 seconds

    Nodes    |    Current Node    |     Objective Bounds      |     Work
 Expl Unexpl |  Obj  Depth IntInf | Incumbent    BestBd   Gap | It/Node Time

     0     0    0.00172    0   35   22.44172    0.00172   100%     -    0s
H    0     0                      21.9717185    0.00172   100%     -    0s
H    0     0                      19.4617185    0.00172   100%     -    0s
H    0     0                      14.3117185    0.00172   100%     -    0s
H    0     0                      12.1217185    0.00172   100%     -    0s
H    0     0                      11.9717185    0.00172   100%     -    0s
H    0     0                      11.4317185    0.00172   100%     -    0s
     0     0    2.20920    0  122   11.43172    2.20920  80.7%     -    0s
H    0     0                      11.3017185    2.20920  80.5%     -    0s
     0     0    5.31446    0  164   11.30172    5.31446  53.0%     -    0s
H    0     0                       9.6917185    5.31446  45.2%     -    0s
     0     0    5.66057    0  212    9.69172    5.66057  41.6%     -    0s
H    0     0                       8.7717185    5.66057  35.5%     -    0s
     0     0    6.81172    0   60    8.77172    6.81172  22.3%     -    0s
     0     0    6.81172    0   22    8.77172    6.81172  22.3%     -    0s
H    0     0                       8.5517185    6.81172  20.3%     -    0s
*    0     0               0       6.8117185    6.81172  0.00%     -    0s

Explored 1 nodes (2938 simplex iterations) in 0.18 seconds
Thread count was 8 (of 8 available processors)

Solution count 10: 6.81172 8.55172 8.76172 ... 12.1217

Optimal solution found (tolerance 1.00e-04)
Best objective 6.811718500000e+00, best bound 6.811718500000e+00, gap 0.0000%
Optimize a model with 148 rows, 1333 columns and 5400 nonzeros
Variable types: 1 continuous, 1332 integer (1332 binary)
Coefficient statistics:
  Matrix range     [9e-01, 1e+05]
  Objective range  [1e+00, 1e+00]
  Bounds range     [1e+00, 1e+00]
  RHS range        [1e+00, 6e+05]
Found heuristic solution: objective 22.4417186
Presolve removed 0 rows and 95 columns
Presolve time: 0.01s
Presolved: 148 rows, 1238 columns, 5005 nonzeros
Variable types: 0 continuous, 1238 integer (1237 binary)

Root relaxation: objective 1.718500e-03, 93 iterations, 0.00 seconds

    Nodes    |    Current Node    |     Objective Bounds      |     Work
 Expl Unexpl |  Obj  Depth IntInf | Incumbent    BestBd   Gap | It/Node Time

     0     0    0.00172    0   35   22.44172    0.00172   100%     -    0s
H    0     0                      21.9717185    0.00172   100%     -    0s
H    0     0                      19.4617185    0.00172   100%     -    0s
H    0     0                      14.3117185    0.00172   100%     -    0s
H    0     0                      12.1217185    0.00172   100%     -    0s
H    0     0                      11.9717185    0.00172   100%     -    0s
H    0     0                      11.4317185    0.00172   100%     -    0s
     0     0    2.20920    0  122   11.43172    2.20920  80.7%     -    0s
H    0     0                      11.3017185    2.20920  80.5%     -    0s
     0     0    5.31446    0  164   11.30172    5.31446  53.0%     -    0s
H    0     0                       9.6917185    5.31446  45.2%     -    0s
     0     0    5.66057    0  212    9.69172    5.66057  41.6%     -    0s
H    0     0                       8.7717185    5.66057  35.5%     -    0s
     0     0    6.81172    0   60    8.77172    6.81172  22.3%     -    0s
     0     0    6.81172    0   22    8.77172    6.81172  22.3%     -    0s
H    0     0                       8.5517185    6.81172  20.3%     -    0s
*    0     0               0       6.8117185    6.81172  0.00%     -    0s

Explored 1 nodes (2938 simplex iterations) in 0.17 seconds
Thread count was 8 (of 8 available processors)

Solution count 10: 6.81172 8.55172 8.76172 ... 12.1217

Optimal solution found (tolerance 1.00e-04)
Best objective 6.811718500000e+00, best bound 6.811718500000e+00, gap 0.0000%
Optimize a model with 42 rows, 108 columns and 219 nonzeros
Variable types: 0 continuous, 108 integer (108 binary)
Coefficient statistics:
  Matrix range     [1e+00, 1e+05]
  Objective range  [2e+00, 3e+01]
  Bounds range     [1e+00, 1e+00]
  RHS range        [1e+00, 6e+05]
Found heuristic solution: objective 468.2000000
Presolve removed 6 rows and 9 columns
Presolve time: 0.00s
Presolved: 36 rows, 99 columns, 198 nonzeros
Variable types: 0 continuous, 99 integer (99 binary)

Root relaxation: objective 1.710463e+02, 34 iterations, 0.00 seconds

    Nodes    |    Current Node    |     Objective Bounds      |     Work
 Expl Unexpl |  Obj  Depth IntInf | Incumbent    BestBd   Gap | It/Node Time

     0     0  171.04633    0    2  468.20000  171.04633  63.5%     -    0s
H    0     0                     171.8500000  171.04633  0.47%     -    0s
     0     0     cutoff    0       171.85000  171.85000  0.00%     -    0s
     0     0     cutoff    0       171.85000  171.85000  0.00%     -    0s

Explored 1 nodes (34 simplex iterations) in 0.01 seconds
Thread count was 8 (of 8 available processors)

Solution count 2: 171.85 468.2 

Optimal solution found (tolerance 1.00e-04)
Best objective 1.718500000000e+02, best bound 1.718500000000e+02, gap 0.0000%
Optimize a model with 78 rows, 109 columns and 360 nonzeros
Variable types: 1 continuous, 108 integer (108 binary)
Coefficient statistics:
  Matrix range     [1e+00, 1e+05]
  Objective range  [1e+00, 1e+00]
  Bounds range     [1e+00, 1e+00]
  RHS range        [1e+00, 6e+05]
Found heuristic solution: objective 33.7517185
Presolve removed 10 rows and 11 columns
Presolve time: 0.00s
Presolved: 68 rows, 98 columns, 290 nonzeros
Variable types: 0 continuous, 98 integer (97 binary)

Root relaxation: objective 8.652558e+00, 74 iterations, 0.00 seconds

    Nodes    |    Current Node    |     Objective Bounds      |     Work
 Expl Unexpl |  Obj  Depth IntInf | Incumbent    BestBd   Gap | It/Node Time

     0     0    8.65256    0   31   33.75172    8.65256  74.4%     -    0s
H    0     0                       9.2917185    8.65256  6.88%     -    0s
     0     0     cutoff    0         9.29172    9.29172  0.00%     -    0s
     0     0     cutoff    0         9.29172    9.29172  0.00%     -    0s

Explored 1 nodes (79 simplex iterations) in 0.02 seconds
Thread count was 8 (of 8 available processors)

Solution count 2: 9.29172 33.7517 

Optimal solution found (tolerance 1.00e-04)
Best objective 9.291718500000e+00, best bound 9.291718500000e+00, gap 0.0000%
Optimize a model with 46 rows, 180 columns and 365 nonzeros
Variable types: 0 continuous, 180 integer (180 binary)
Coefficient statistics:
  Matrix range     [1e+00, 1e+05]
  Objective range  [1e+00, 3e+01]
  Bounds range     [1e+00, 1e+00]
  RHS range        [1e+00, 4e+05]
Found heuristic solution: objective 387.8100000
Presolve removed 10 rows and 25 columns
Presolve time: 0.00s
Presolved: 36 rows, 155 columns, 310 nonzeros
Variable types: 0 continuous, 155 integer (155 binary)

Root relaxation: objective 1.208746e+02, 36 iterations, 0.00 seconds

    Nodes    |    Current Node    |     Objective Bounds      |     Work
 Expl Unexpl |  Obj  Depth IntInf | Incumbent    BestBd   Gap | It/Node Time

     0     0  120.87459    0    6  387.81000  120.87459  68.8%     -    0s
H    0     0                     142.3100000  120.87459  15.1%     -    0s
H    0     0                     130.4800000  120.87459  7.36%     -    0s
H    0     0                     129.7900000  120.87459  6.87%     -    0s
     0     0  126.33170    0    8  129.79000  126.33170  2.66%     -    0s
     0     0  126.33170    0    5  129.79000  126.33170  2.66%     -    0s
H    0     0                     128.6000000  126.33170  1.76%     -    0s
     0     0  127.10113    0    9  128.60000  127.10113  1.17%     -    0s
H    0     0                     127.5100000  127.10113  0.32%     -    0s
     0     0 infeasible    0       127.51000  127.51000  0.00%     -    0s

Cutting planes:
  Gomory: 3
  Cover: 3
  MIR: 1
  Zero half: 1

Explored 1 nodes (58 simplex iterations) in 0.02 seconds
Thread count was 8 (of 8 available processors)

Solution count 6: 127.51 128.6 129.79 ... 387.81

Optimal solution found (tolerance 1.00e-04)
Best objective 1.275100000000e+02, best bound 1.275100000000e+02, gap 0.0000%
Optimize a model with 150 rows, 1333 columns and 5472 nonzeros
Variable types: 1 continuous, 1332 integer (1332 binary)
Coefficient statistics:
  Matrix range     [9e-01, 1e+05]
  Objective range  [1e+00, 1e+00]
  Bounds range     [1e+00, 1e+00]
  RHS range        [1e+00, 4e+05]
Found heuristic solution: objective 25.3612750
Presolve removed 0 rows and 41 columns
Presolve time: 0.01s
Presolved: 150 rows, 1292 columns, 5300 nonzeros
Variable types: 0 continuous, 1292 integer (1291 binary)

Root relaxation: objective 1.275100e-03, 105 iterations, 0.00 seconds

    Nodes    |    Current Node    |     Objective Bounds      |     Work
 Expl Unexpl |  Obj  Depth IntInf | Incumbent    BestBd   Gap | It/Node Time

     0     0    0.00128    0   33   25.36127    0.00128   100%     -    0s
H    0     0                       7.6312751    0.00128   100%     -    0s
H    0     0                       7.2112751    0.00128   100%     -    0s
     0     0    1.78548    0  116    7.21128    1.78548  75.2%     -    0s
     0     0    3.47184    0  219    7.21128    3.47184  51.9%     -    0s
H    0     0                       6.5812751    3.47184  47.2%     -    0s
H    0     0                       5.9312751    3.47184  41.5%     -    0s
     0     0    5.14128    0    2    5.93128    5.14128  13.3%     -    0s
H    0     0                       5.7912751    5.14128  11.2%     -    0s
H    0     0                       5.1412751    5.14128  0.00%     -    0s

Explored 1 nodes (1496 simplex iterations) in 0.13 seconds
Thread count was 8 (of 8 available processors)

Solution count 8: 5.14128 5.79128 5.93128 ... 25.3613

Optimal solution found (tolerance 1.00e-04)
Best objective 5.141275100000e+00, best bound 5.141275100000e+00, gap 0.0000%
Optimize a model with 46 rows, 180 columns and 365 nonzeros
Variable types: 0 continuous, 180 integer (180 binary)
Coefficient statistics:
  Matrix range     [1e+00, 1e+05]
  Objective range  [1e+00, 3e+01]
  Bounds range     [1e+00, 1e+00]
  RHS range        [1e+00, 4e+05]
Found heuristic solution: objective 387.8100000
Presolve removed 10 rows and 25 columns
Presolve time: 0.00s
Presolved: 36 rows, 155 columns, 310 nonzeros
Variable types: 0 continuous, 155 integer (155 binary)

Root relaxation: objective 1.208746e+02, 36 iterations, 0.00 seconds

    Nodes    |    Current Node    |     Objective Bounds      |     Work
 Expl Unexpl |  Obj  Depth IntInf | Incumbent    BestBd   Gap | It/Node Time

     0     0  120.87459    0    6  387.81000  120.87459  68.8%     -    0s
H    0     0                     142.3100000  120.87459  15.1%     -    0s
H    0     0                     130.4800000  120.87459  7.36%     -    0s
H    0     0                     129.7900000  120.87459  6.87%     -    0s
     0     0  126.33170    0    8  129.79000  126.33170  2.66%     -    0s
     0     0  126.33170    0    5  129.79000  126.33170  2.66%     -    0s
H    0     0                     128.6000000  126.33170  1.76%     -    0s
     0     0  127.10113    0    9  128.60000  127.10113  1.17%     -    0s
H    0     0                     127.5100000  127.10113  0.32%     -    0s
     0     0 infeasible    0       127.51000  127.51000  0.00%     -    0s

Cutting planes:
  Gomory: 3
  Cover: 3
  MIR: 1
  Zero half: 1

Explored 1 nodes (58 simplex iterations) in 0.02 seconds
Thread count was 8 (of 8 available processors)

Solution count 6: 127.51 128.6 129.79 ... 387.81

Optimal solution found (tolerance 1.00e-04)
Best objective 1.275100000000e+02, best bound 1.275100000000e+02, gap 0.0000%
Optimize a model with 82 rows, 181 columns and 576 nonzeros
Variable types: 1 continuous, 180 integer (180 binary)
Coefficient statistics:
  Matrix range     [1e+00, 1e+05]
  Objective range  [1e+00, 1e+00]
  Bounds range     [1e+00, 1e+00]
  RHS range        [1e+00, 4e+05]
Found heuristic solution: objective 34.8712750
Presolve removed 15 rows and 25 columns
Presolve time: 0.00s
Presolved: 67 rows, 156 columns, 459 nonzeros
Variable types: 0 continuous, 156 integer (155 binary)

Root relaxation: objective 6.270642e+00, 90 iterations, 0.00 seconds

    Nodes    |    Current Node    |     Objective Bounds      |     Work
 Expl Unexpl |  Obj  Depth IntInf | Incumbent    BestBd   Gap | It/Node Time

     0     0    6.27064    0   24   34.87127    6.27064  82.0%     -    0s
H    0     0                      28.9612751    6.27064  78.3%     -    0s
H    0     0                      17.9112751    6.27064  65.0%     -    0s
H    0     0                      13.1212751    6.27064  52.2%     -    0s
     0     0    6.60117    0   27   13.12128    6.60117  49.7%     -    0s
H    0     0                      10.5812751    6.60117  37.6%     -    0s
H    0     0                       8.3112751    6.60117  20.6%     -    0s
     0     0    7.27485    0    6    8.31128    7.27485  12.5%     -    0s
H    0     0                       8.2012751    7.27485  11.3%     -    0s
     0     0 infeasible    0         8.20128    8.20128  0.00%     -    0s
     0     0 infeasible    0         8.20128    8.20128  0.00%     -    0s

Cutting planes:
  Gomory: 2
  MIR: 1

Explored 1 nodes (150 simplex iterations) in 0.03 seconds
Thread count was 8 (of 8 available processors)

Solution count 9: 8.20128 8.31128 10.5713 ... 34.8713

Optimal solution found (tolerance 1.00e-04)
Best objective 8.201275100000e+00, best bound 8.201275100000e+00, gap 0.0000%
